The system is: Linux - 6.2.9-300.fc38.x86_64 - x86_64
Compiling the C compiler identification source file "CMakeCCompilerId.c" succeeded.
Compiler: /nix/store/lcf37pgp3rgww67v9x2990hbfwx96c1w-gcc-wrapper-12.2.0/bin/gcc 
Build flags: 
Id flags:  

The output was:
0


Compilation of the C compiler identification source "CMakeCCompilerId.c" produced "a.out"

The C compiler identification is GNU, found in "/home/ben/hytech/libopencm3_cmake/build/CMakeFiles/3.25.3/CompilerIdC/a.out"

Compiling the CXX compiler identification source file "CMakeCXXCompilerId.cpp" succeeded.
Compiler: /nix/store/lcf37pgp3rgww67v9x2990hbfwx96c1w-gcc-wrapper-12.2.0/bin/g++ 
Build flags: 
Id flags:  

The output was:
0


Compilation of the CXX compiler identification source "CMakeCXXCompilerId.cpp" produced "a.out"

The CXX compiler identification is GNU, found in "/home/ben/hytech/libopencm3_cmake/build/CMakeFiles/3.25.3/CompilerIdCXX/a.out"

Detecting C compiler ABI info compiled with the following output:
Change Dir: /home/ben/hytech/libopencm3_cmake/build/CMakeFiles/CMakeScratch/TryCompile-pjTDtZ

Run Build Command(s):/nix/store/ik9ibmq0rbznwyj6472lv2ab0c397lhy-gnumake-4.4.1/bin/make -f Makefile cmTC_bf96c/fast && /nix/store/ik9ibmq0rbznwyj6472lv2ab0c397lhy-gnumake-4.4.1/bin/make  -f CMakeFiles/cmTC_bf96c.dir/build.make CMakeFiles/cmTC_bf96c.dir/build
make[1]: Entering directory '/home/ben/hytech/libopencm3_cmake/build/CMakeFiles/CMakeScratch/TryCompile-pjTDtZ'
Building C object CMakeFiles/cmTC_bf96c.dir/CMakeCCompilerABI.c.o
/nix/store/lcf37pgp3rgww67v9x2990hbfwx96c1w-gcc-wrapper-12.2.0/bin/gcc   -v -o CMakeFiles/cmTC_bf96c.dir/CMakeCCompilerABI.c.o -c /nix/store/0s8gvg6nh3d3cbby1hjf69jfb2xdvbvp-cmake-3.25.3/share/cmake-3.25/Modules/CMakeCCompilerABI.c
Using built-in specs.
COLLECT_GCC=/nix/store/b7hvml0m3qmqraz1022fwvyyg6fc1vdy-gcc-12.2.0/bin/gcc
Target: x86_64-unknown-linux-gnu
Configured with: 
Thread model: posix
Supported LTO compression algorithms: zlib
gcc version 12.2.0 (GCC) 
COLLECT_GCC_OPTIONS='-fPIC' '-Wformat=1' '-Wformat-security' '-Werror=format-security' '-fstack-protector-strong' '--param=ssp-buffer-size=4' '-O2' '-U' '_FORTIFY_SOURCE' '-D' '_FORTIFY_SOURCE=2' '-fno-strict-overflow' '-v' '-o' 'CMakeFiles/cmTC_bf96c.dir/CMakeCCompilerABI.c.o' '-c' '-B' '/nix/store/46m4xx889wlhsdj72j38fnlyyvvvvbyb-glibc-2.37-8/lib/' '-idirafter' '/nix/store/hkj250rjsvxcbr31fr1v81cv88cdfp4l-glibc-2.37-8-dev/include' '-idirafter' '/nix/store/b7hvml0m3qmqraz1022fwvyyg6fc1vdy-gcc-12.2.0/lib/gcc/x86_64-unknown-linux-gnu/12.2.0/include-fixed' '-B' '/nix/store/843dqq10jdkalr2yazaz6drx334visrb-gcc-12.2.0-lib/lib' '-B' '/nix/store/lcf37pgp3rgww67v9x2990hbfwx96c1w-gcc-wrapper-12.2.0/bin/' '-frandom-seed=q2l9z405f4' '-isystem' '/nix/store/0izdfh3zxrj68mbwbhzqycb1g3darad6-gcc-arm-embedded-12.2.rel1/include' '-isystem' '/nix/store/zrkjwsk3jw5bblcw8yz559qw5j7rbqdb-libopencm3-0.1.0/include' '-isystem' '/nix/store/0izdfh3zxrj68mbwbhzqycb1g3darad6-gcc-arm-embedded-12.2.rel1/include' '-isystem' '/nix/store/zrkjwsk3jw5bblcw8yz559qw5j7rbqdb-libopencm3-0.1.0/include' '-mtune=generic' '-march=x86-64' '-dumpdir' 'CMakeFiles/cmTC_bf96c.dir/'
 /nix/store/b7hvml0m3qmqraz1022fwvyyg6fc1vdy-gcc-12.2.0/libexec/gcc/x86_64-unknown-linux-gnu/12.2.0/cc1 -quiet -v -U _FORTIFY_SOURCE -D _FORTIFY_SOURCE=2 -idirafter /nix/store/hkj250rjsvxcbr31fr1v81cv88cdfp4l-glibc-2.37-8-dev/include -idirafter /nix/store/b7hvml0m3qmqraz1022fwvyyg6fc1vdy-gcc-12.2.0/lib/gcc/x86_64-unknown-linux-gnu/12.2.0/include-fixed -isystem /nix/store/0izdfh3zxrj68mbwbhzqycb1g3darad6-gcc-arm-embedded-12.2.rel1/include -isystem /nix/store/zrkjwsk3jw5bblcw8yz559qw5j7rbqdb-libopencm3-0.1.0/include -isystem /nix/store/0izdfh3zxrj68mbwbhzqycb1g3darad6-gcc-arm-embedded-12.2.rel1/include -isystem /nix/store/zrkjwsk3jw5bblcw8yz559qw5j7rbqdb-libopencm3-0.1.0/include /nix/store/0s8gvg6nh3d3cbby1hjf69jfb2xdvbvp-cmake-3.25.3/share/cmake-3.25/Modules/CMakeCCompilerABI.c -quiet -dumpdir CMakeFiles/cmTC_bf96c.dir/ -dumpbase CMakeCCompilerABI.c.c -dumpbase-ext .c -mtune=generic -march=x86-64 -O2 -Wformat=1 -Wformat-security -Werror=format-security -version -fPIC -fstack-protector-strong -fno-strict-overflow -frandom-seed=q2l9z405f4 --param=ssp-buffer-size=4 -o /tmp/nix-shell.DXiV5K/ccmJQ4Vu.s
GNU C17 (GCC) version 12.2.0 (x86_64-unknown-linux-gnu)
	compiled by GNU C version 12.2.0, GMP version 6.2.1, MPFR version 4.2.0, MPC version 1.3.1, isl version isl-0.20-GMP

GGC heuristics: --param ggc-min-expand=100 --param ggc-min-heapsize=131072
ignoring duplicate directory "/nix/store/0izdfh3zxrj68mbwbhzqycb1g3darad6-gcc-arm-embedded-12.2.rel1/include"
ignoring duplicate directory "/nix/store/zrkjwsk3jw5bblcw8yz559qw5j7rbqdb-libopencm3-0.1.0/include"
ignoring nonexistent directory "/nix/store/b7hvml0m3qmqraz1022fwvyyg6fc1vdy-gcc-12.2.0/lib/gcc/x86_64-unknown-linux-gnu/12.2.0/../../../../x86_64-unknown-linux-gnu/include"
ignoring duplicate directory "/nix/store/hkj250rjsvxcbr31fr1v81cv88cdfp4l-glibc-2.37-8-dev/include"
ignoring duplicate directory "/nix/store/b7hvml0m3qmqraz1022fwvyyg6fc1vdy-gcc-12.2.0/lib/gcc/x86_64-unknown-linux-gnu/12.2.0/include-fixed"
#include "..." search starts here:
#include <...> search starts here:
 /nix/store/0izdfh3zxrj68mbwbhzqycb1g3darad6-gcc-arm-embedded-12.2.rel1/include
 /nix/store/zrkjwsk3jw5bblcw8yz559qw5j7rbqdb-libopencm3-0.1.0/include
 /nix/store/b7hvml0m3qmqraz1022fwvyyg6fc1vdy-gcc-12.2.0/lib/gcc/x86_64-unknown-linux-gnu/12.2.0/include
 /nix/store/b7hvml0m3qmqraz1022fwvyyg6fc1vdy-gcc-12.2.0/include
 /nix/store/b7hvml0m3qmqraz1022fwvyyg6fc1vdy-gcc-12.2.0/lib/gcc/x86_64-unknown-linux-gnu/12.2.0/include-fixed
 /nix/store/hkj250rjsvxcbr31fr1v81cv88cdfp4l-glibc-2.37-8-dev/include
End of search list.
GNU C17 (GCC) version 12.2.0 (x86_64-unknown-linux-gnu)
	compiled by GNU C version 12.2.0, GMP version 6.2.1, MPFR version 4.2.0, MPC version 1.3.1, isl version isl-0.20-GMP

GGC heuristics: --param ggc-min-expand=100 --param ggc-min-heapsize=131072
Compiler executable checksum: 36cce6a841d7c2d760c3a9223a7d2b37
COLLECT_GCC_OPTIONS='-fPIC' '-Wformat=1' '-Wformat-security' '-Werror=format-security' '-fstack-protector-strong' '--param=ssp-buffer-size=4' '-O2' '-U' '_FORTIFY_SOURCE' '-D' '_FORTIFY_SOURCE=2' '-fno-strict-overflow' '-v' '-o' 'CMakeFiles/cmTC_bf96c.dir/CMakeCCompilerABI.c.o' '-c' '-B' '/nix/store/46m4xx889wlhsdj72j38fnlyyvvvvbyb-glibc-2.37-8/lib/' '-idirafter' '/nix/store/hkj250rjsvxcbr31fr1v81cv88cdfp4l-glibc-2.37-8-dev/include' '-idirafter' '/nix/store/b7hvml0m3qmqraz1022fwvyyg6fc1vdy-gcc-12.2.0/lib/gcc/x86_64-unknown-linux-gnu/12.2.0/include-fixed' '-B' '/nix/store/843dqq10jdkalr2yazaz6drx334visrb-gcc-12.2.0-lib/lib' '-B' '/nix/store/lcf37pgp3rgww67v9x2990hbfwx96c1w-gcc-wrapper-12.2.0/bin/' '-frandom-seed=q2l9z405f4' '-isystem' '/nix/store/0izdfh3zxrj68mbwbhzqycb1g3darad6-gcc-arm-embedded-12.2.rel1/include' '-isystem' '/nix/store/zrkjwsk3jw5bblcw8yz559qw5j7rbqdb-libopencm3-0.1.0/include' '-isystem' '/nix/store/0izdfh3zxrj68mbwbhzqycb1g3darad6-gcc-arm-embedded-12.2.rel1/include' '-isystem' '/nix/store/zrkjwsk3jw5bblcw8yz559qw5j7rbqdb-libopencm3-0.1.0/include' '-mtune=generic' '-march=x86-64' '-dumpdir' 'CMakeFiles/cmTC_bf96c.dir/'
 /nix/store/lcf37pgp3rgww67v9x2990hbfwx96c1w-gcc-wrapper-12.2.0/bin/as -v --64 -o CMakeFiles/cmTC_bf96c.dir/CMakeCCompilerABI.c.o /tmp/nix-shell.DXiV5K/ccmJQ4Vu.s
GNU assembler version 2.40 (x86_64-unknown-linux-gnu) using BFD version (GNU Binutils) 2.40
COMPILER_PATH=/nix/store/46m4xx889wlhsdj72j38fnlyyvvvvbyb-glibc-2.37-8/lib/:/nix/store/843dqq10jdkalr2yazaz6drx334visrb-gcc-12.2.0-lib/lib/:/nix/store/lcf37pgp3rgww67v9x2990hbfwx96c1w-gcc-wrapper-12.2.0/bin/:/nix/store/b7hvml0m3qmqraz1022fwvyyg6fc1vdy-gcc-12.2.0/libexec/gcc/x86_64-unknown-linux-gnu/12.2.0/:/nix/store/b7hvml0m3qmqraz1022fwvyyg6fc1vdy-gcc-12.2.0/libexec/gcc/x86_64-unknown-linux-gnu/12.2.0/:/nix/store/b7hvml0m3qmqraz1022fwvyyg6fc1vdy-gcc-12.2.0/libexec/gcc/x86_64-unknown-linux-gnu/:/nix/store/b7hvml0m3qmqraz1022fwvyyg6fc1vdy-gcc-12.2.0/lib/gcc/x86_64-unknown-linux-gnu/12.2.0/:/nix/store/b7hvml0m3qmqraz1022fwvyyg6fc1vdy-gcc-12.2.0/lib/gcc/x86_64-unknown-linux-gnu/
LIBRARY_PATH=/nix/store/46m4xx889wlhsdj72j38fnlyyvvvvbyb-glibc-2.37-8/lib/:/nix/store/843dqq10jdkalr2yazaz6drx334visrb-gcc-12.2.0-lib/lib/:/nix/store/lcf37pgp3rgww67v9x2990hbfwx96c1w-gcc-wrapper-12.2.0/bin/:/nix/store/b7hvml0m3qmqraz1022fwvyyg6fc1vdy-gcc-12.2.0/lib/gcc/x86_64-unknown-linux-gnu/12.2.0/:/nix/store/b7hvml0m3qmqraz1022fwvyyg6fc1vdy-gcc-12.2.0/lib/gcc/x86_64-unknown-linux-gnu/12.2.0/../../../../lib64/:/nix/store/b7hvml0m3qmqraz1022fwvyyg6fc1vdy-gcc-12.2.0/lib/gcc/x86_64-unknown-linux-gnu/12.2.0/../../../
COLLECT_GCC_OPTIONS='-fPIC' '-Wformat=1' '-Wformat-security' '-Werror=format-security' '-fstack-protector-strong' '--param=ssp-buffer-size=4' '-O2' '-U' '_FORTIFY_SOURCE' '-D' '_FORTIFY_SOURCE=2' '-fno-strict-overflow' '-v' '-o' 'CMakeFiles/cmTC_bf96c.dir/CMakeCCompilerABI.c.o' '-c' '-B' '/nix/store/46m4xx889wlhsdj72j38fnlyyvvvvbyb-glibc-2.37-8/lib/' '-idirafter' '/nix/store/hkj250rjsvxcbr31fr1v81cv88cdfp4l-glibc-2.37-8-dev/include' '-idirafter' '/nix/store/b7hvml0m3qmqraz1022fwvyyg6fc1vdy-gcc-12.2.0/lib/gcc/x86_64-unknown-linux-gnu/12.2.0/include-fixed' '-B' '/nix/store/843dqq10jdkalr2yazaz6drx334visrb-gcc-12.2.0-lib/lib' '-B' '/nix/store/lcf37pgp3rgww67v9x2990hbfwx96c1w-gcc-wrapper-12.2.0/bin/' '-frandom-seed=q2l9z405f4' '-isystem' '/nix/store/0izdfh3zxrj68mbwbhzqycb1g3darad6-gcc-arm-embedded-12.2.rel1/include' '-isystem' '/nix/store/zrkjwsk3jw5bblcw8yz559qw5j7rbqdb-libopencm3-0.1.0/include' '-isystem' '/nix/store/0izdfh3zxrj68mbwbhzqycb1g3darad6-gcc-arm-embedded-12.2.rel1/include' '-isystem' '/nix/store/zrkjwsk3jw5bblcw8yz559qw5j7rbqdb-libopencm3-0.1.0/include' '-mtune=generic' '-march=x86-64' '-dumpdir' 'CMakeFiles/cmTC_bf96c.dir/CMakeCCompilerABI.c.'
Linking C executable cmTC_bf96c
/nix/store/0s8gvg6nh3d3cbby1hjf69jfb2xdvbvp-cmake-3.25.3/bin/cmake -E cmake_link_script CMakeFiles/cmTC_bf96c.dir/link.txt --verbose=1
/nix/store/lcf37pgp3rgww67v9x2990hbfwx96c1w-gcc-wrapper-12.2.0/bin/gcc  -v CMakeFiles/cmTC_bf96c.dir/CMakeCCompilerABI.c.o -o cmTC_bf96c 
Using built-in specs.
COLLECT_GCC=/nix/store/b7hvml0m3qmqraz1022fwvyyg6fc1vdy-gcc-12.2.0/bin/gcc
COLLECT_LTO_WRAPPER=/nix/store/b7hvml0m3qmqraz1022fwvyyg6fc1vdy-gcc-12.2.0/libexec/gcc/x86_64-unknown-linux-gnu/12.2.0/lto-wrapper
Target: x86_64-unknown-linux-gnu
Configured with: 
Thread model: posix
Supported LTO compression algorithms: zlib
gcc version 12.2.0 (GCC) 
COMPILER_PATH=/nix/store/46m4xx889wlhsdj72j38fnlyyvvvvbyb-glibc-2.37-8/lib/:/nix/store/843dqq10jdkalr2yazaz6drx334visrb-gcc-12.2.0-lib/lib/:/nix/store/lcf37pgp3rgww67v9x2990hbfwx96c1w-gcc-wrapper-12.2.0/bin/:/nix/store/b7hvml0m3qmqraz1022fwvyyg6fc1vdy-gcc-12.2.0/libexec/gcc/x86_64-unknown-linux-gnu/12.2.0/:/nix/store/b7hvml0m3qmqraz1022fwvyyg6fc1vdy-gcc-12.2.0/libexec/gcc/x86_64-unknown-linux-gnu/12.2.0/:/nix/store/b7hvml0m3qmqraz1022fwvyyg6fc1vdy-gcc-12.2.0/libexec/gcc/x86_64-unknown-linux-gnu/:/nix/store/b7hvml0m3qmqraz1022fwvyyg6fc1vdy-gcc-12.2.0/lib/gcc/x86_64-unknown-linux-gnu/12.2.0/:/nix/store/b7hvml0m3qmqraz1022fwvyyg6fc1vdy-gcc-12.2.0/lib/gcc/x86_64-unknown-linux-gnu/
LIBRARY_PATH=/nix/store/46m4xx889wlhsdj72j38fnlyyvvvvbyb-glibc-2.37-8/lib/:/nix/store/843dqq10jdkalr2yazaz6drx334visrb-gcc-12.2.0-lib/lib/:/nix/store/lcf37pgp3rgww67v9x2990hbfwx96c1w-gcc-wrapper-12.2.0/bin/:/nix/store/b7hvml0m3qmqraz1022fwvyyg6fc1vdy-gcc-12.2.0/lib/gcc/x86_64-unknown-linux-gnu/12.2.0/:/nix/store/b7hvml0m3qmqraz1022fwvyyg6fc1vdy-gcc-12.2.0/lib/gcc/x86_64-unknown-linux-gnu/12.2.0/../../../../lib64/:/nix/store/b7hvml0m3qmqraz1022fwvyyg6fc1vdy-gcc-12.2.0/lib/gcc/x86_64-unknown-linux-gnu/12.2.0/../../../
COLLECT_GCC_OPTIONS='-fPIC' '-Wformat=1' '-Wformat-security' '-Werror=format-security' '-fstack-protector-strong' '--param=ssp-buffer-size=4' '-O2' '-U' '_FORTIFY_SOURCE' '-D' '_FORTIFY_SOURCE=2' '-fno-strict-overflow' '-v' '-o' 'cmTC_bf96c' '-B' '/nix/store/46m4xx889wlhsdj72j38fnlyyvvvvbyb-glibc-2.37-8/lib/' '-idirafter' '/nix/store/hkj250rjsvxcbr31fr1v81cv88cdfp4l-glibc-2.37-8-dev/include' '-idirafter' '/nix/store/b7hvml0m3qmqraz1022fwvyyg6fc1vdy-gcc-12.2.0/lib/gcc/x86_64-unknown-linux-gnu/12.2.0/include-fixed' '-B' '/nix/store/843dqq10jdkalr2yazaz6drx334visrb-gcc-12.2.0-lib/lib' '-B' '/nix/store/lcf37pgp3rgww67v9x2990hbfwx96c1w-gcc-wrapper-12.2.0/bin/' '-frandom-seed=q2l9z405f4' '-isystem' '/nix/store/0izdfh3zxrj68mbwbhzqycb1g3darad6-gcc-arm-embedded-12.2.rel1/include' '-isystem' '/nix/store/zrkjwsk3jw5bblcw8yz559qw5j7rbqdb-libopencm3-0.1.0/include' '-isystem' '/nix/store/0izdfh3zxrj68mbwbhzqycb1g3darad6-gcc-arm-embedded-12.2.rel1/include' '-isystem' '/nix/store/zrkjwsk3jw5bblcw8yz559qw5j7rbqdb-libopencm3-0.1.0/include' '-L/nix/store/zrkjwsk3jw5bblcw8yz559qw5j7rbqdb-libopencm3-0.1.0/lib' '-L/nix/store/zrkjwsk3jw5bblcw8yz559qw5j7rbqdb-libopencm3-0.1.0/lib' '-L/nix/store/46m4xx889wlhsdj72j38fnlyyvvvvbyb-glibc-2.37-8/lib' '-L/nix/store/b7hvml0m3qmqraz1022fwvyyg6fc1vdy-gcc-12.2.0/lib/gcc/x86_64-unknown-linux-gnu/12.2.0' '-L/nix/store/843dqq10jdkalr2yazaz6drx334visrb-gcc-12.2.0-lib/x86_64-unknown-linux-gnu/lib' '-L/nix/store/843dqq10jdkalr2yazaz6drx334visrb-gcc-12.2.0-lib/lib' '-mtune=generic' '-march=x86-64' '-dumpdir' 'cmTC_bf96c.'
 /nix/store/b7hvml0m3qmqraz1022fwvyyg6fc1vdy-gcc-12.2.0/libexec/gcc/x86_64-unknown-linux-gnu/12.2.0/collect2 -plugin /nix/store/b7hvml0m3qmqraz1022fwvyyg6fc1vdy-gcc-12.2.0/libexec/gcc/x86_64-unknown-linux-gnu/12.2.0/liblto_plugin.so -plugin-opt=/nix/store/b7hvml0m3qmqraz1022fwvyyg6fc1vdy-gcc-12.2.0/libexec/gcc/x86_64-unknown-linux-gnu/12.2.0/lto-wrapper -plugin-opt=-fresolution=/tmp/nix-shell.DXiV5K/ccwCXRHz.res -plugin-opt=-pass-through=-lgcc -plugin-opt=-pass-through=-lgcc_s -plugin-opt=-pass-through=-lc -plugin-opt=-pass-through=-lgcc -plugin-opt=-pass-through=-lgcc_s --eh-frame-hdr -m elf_x86_64 -dynamic-linker /nix/store/46m4xx889wlhsdj72j38fnlyyvvvvbyb-glibc-2.37-8/lib64/ld-linux-x86-64.so.2 -o cmTC_bf96c /nix/store/46m4xx889wlhsdj72j38fnlyyvvvvbyb-glibc-2.37-8/lib/crt1.o /nix/store/46m4xx889wlhsdj72j38fnlyyvvvvbyb-glibc-2.37-8/lib/crti.o /nix/store/b7hvml0m3qmqraz1022fwvyyg6fc1vdy-gcc-12.2.0/lib/gcc/x86_64-unknown-linux-gnu/12.2.0/crtbegin.o -L/nix/store/zrkjwsk3jw5bblcw8yz559qw5j7rbqdb-libopencm3-0.1.0/lib -L/nix/store/zrkjwsk3jw5bblcw8yz559qw5j7rbqdb-libopencm3-0.1.0/lib -L/nix/store/46m4xx889wlhsdj72j38fnlyyvvvvbyb-glibc-2.37-8/lib -L/nix/store/b7hvml0m3qmqraz1022fwvyyg6fc1vdy-gcc-12.2.0/lib/gcc/x86_64-unknown-linux-gnu/12.2.0 -L/nix/store/843dqq10jdkalr2yazaz6drx334visrb-gcc-12.2.0-lib/x86_64-unknown-linux-gnu/lib -L/nix/store/843dqq10jdkalr2yazaz6drx334visrb-gcc-12.2.0-lib/lib -L/nix/store/46m4xx889wlhsdj72j38fnlyyvvvvbyb-glibc-2.37-8/lib -L/nix/store/843dqq10jdkalr2yazaz6drx334visrb-gcc-12.2.0-lib/lib -L/nix/store/lcf37pgp3rgww67v9x2990hbfwx96c1w-gcc-wrapper-12.2.0/bin -L/nix/store/b7hvml0m3qmqraz1022fwvyyg6fc1vdy-gcc-12.2.0/lib/gcc/x86_64-unknown-linux-gnu/12.2.0 -L/nix/store/b7hvml0m3qmqraz1022fwvyyg6fc1vdy-gcc-12.2.0/lib/gcc/x86_64-unknown-linux-gnu/12.2.0/../../../../lib64 -L/nix/store/b7hvml0m3qmqraz1022fwvyyg6fc1vdy-gcc-12.2.0/lib/gcc/x86_64-unknown-linux-gnu/12.2.0/../../.. -dynamic-linker=/nix/store/46m4xx889wlhsdj72j38fnlyyvvvvbyb-glibc-2.37-8/lib/ld-linux-x86-64.so.2 CMakeFiles/cmTC_bf96c.dir/CMakeCCompilerABI.c.o -rpath /home/ben/hytech/libopencm3_cmake/outputs/out/lib64 -rpath /home/ben/hytech/libopencm3_cmake/outputs/out/lib -lgcc --push-state --as-needed -lgcc_s --pop-state -lc -lgcc --push-state --as-needed -lgcc_s --pop-state /nix/store/b7hvml0m3qmqraz1022fwvyyg6fc1vdy-gcc-12.2.0/lib/gcc/x86_64-unknown-linux-gnu/12.2.0/crtend.o /nix/store/46m4xx889wlhsdj72j38fnlyyvvvvbyb-glibc-2.37-8/lib/crtn.o
COLLECT_GCC_OPTIONS='-fPIC' '-Wformat=1' '-Wformat-security' '-Werror=format-security' '-fstack-protector-strong' '--param=ssp-buffer-size=4' '-O2' '-U' '_FORTIFY_SOURCE' '-D' '_FORTIFY_SOURCE=2' '-fno-strict-overflow' '-v' '-o' 'cmTC_bf96c' '-B' '/nix/store/46m4xx889wlhsdj72j38fnlyyvvvvbyb-glibc-2.37-8/lib/' '-idirafter' '/nix/store/hkj250rjsvxcbr31fr1v81cv88cdfp4l-glibc-2.37-8-dev/include' '-idirafter' '/nix/store/b7hvml0m3qmqraz1022fwvyyg6fc1vdy-gcc-12.2.0/lib/gcc/x86_64-unknown-linux-gnu/12.2.0/include-fixed' '-B' '/nix/store/843dqq10jdkalr2yazaz6drx334visrb-gcc-12.2.0-lib/lib' '-B' '/nix/store/lcf37pgp3rgww67v9x2990hbfwx96c1w-gcc-wrapper-12.2.0/bin/' '-frandom-seed=q2l9z405f4' '-isystem' '/nix/store/0izdfh3zxrj68mbwbhzqycb1g3darad6-gcc-arm-embedded-12.2.rel1/include' '-isystem' '/nix/store/zrkjwsk3jw5bblcw8yz559qw5j7rbqdb-libopencm3-0.1.0/include' '-isystem' '/nix/store/0izdfh3zxrj68mbwbhzqycb1g3darad6-gcc-arm-embedded-12.2.rel1/include' '-isystem' '/nix/store/zrkjwsk3jw5bblcw8yz559qw5j7rbqdb-libopencm3-0.1.0/include' '-L/nix/store/zrkjwsk3jw5bblcw8yz559qw5j7rbqdb-libopencm3-0.1.0/lib' '-L/nix/store/zrkjwsk3jw5bblcw8yz559qw5j7rbqdb-libopencm3-0.1.0/lib' '-L/nix/store/46m4xx889wlhsdj72j38fnlyyvvvvbyb-glibc-2.37-8/lib' '-L/nix/store/b7hvml0m3qmqraz1022fwvyyg6fc1vdy-gcc-12.2.0/lib/gcc/x86_64-unknown-linux-gnu/12.2.0' '-L/nix/store/843dqq10jdkalr2yazaz6drx334visrb-gcc-12.2.0-lib/x86_64-unknown-linux-gnu/lib' '-L/nix/store/843dqq10jdkalr2yazaz6drx334visrb-gcc-12.2.0-lib/lib' '-mtune=generic' '-march=x86-64' '-dumpdir' 'cmTC_bf96c.'
make[1]: Leaving directory '/home/ben/hytech/libopencm3_cmake/build/CMakeFiles/CMakeScratch/TryCompile-pjTDtZ'



Parsed C implicit include dir info from above output: rv=done
  found start of include info
  found start of implicit include info
    add: [/nix/store/0izdfh3zxrj68mbwbhzqycb1g3darad6-gcc-arm-embedded-12.2.rel1/include]
    add: [/nix/store/zrkjwsk3jw5bblcw8yz559qw5j7rbqdb-libopencm3-0.1.0/include]
    add: [/nix/store/b7hvml0m3qmqraz1022fwvyyg6fc1vdy-gcc-12.2.0/lib/gcc/x86_64-unknown-linux-gnu/12.2.0/include]
    add: [/nix/store/b7hvml0m3qmqraz1022fwvyyg6fc1vdy-gcc-12.2.0/include]
    add: [/nix/store/b7hvml0m3qmqraz1022fwvyyg6fc1vdy-gcc-12.2.0/lib/gcc/x86_64-unknown-linux-gnu/12.2.0/include-fixed]
    add: [/nix/store/hkj250rjsvxcbr31fr1v81cv88cdfp4l-glibc-2.37-8-dev/include]
  end of search list found
  collapse include dir [/nix/store/0izdfh3zxrj68mbwbhzqycb1g3darad6-gcc-arm-embedded-12.2.rel1/include] ==> [/nix/store/0izdfh3zxrj68mbwbhzqycb1g3darad6-gcc-arm-embedded-12.2.rel1/include]
  collapse include dir [/nix/store/zrkjwsk3jw5bblcw8yz559qw5j7rbqdb-libopencm3-0.1.0/include] ==> [/nix/store/zrkjwsk3jw5bblcw8yz559qw5j7rbqdb-libopencm3-0.1.0/include]
  collapse include dir [/nix/store/b7hvml0m3qmqraz1022fwvyyg6fc1vdy-gcc-12.2.0/lib/gcc/x86_64-unknown-linux-gnu/12.2.0/include] ==> [/nix/store/b7hvml0m3qmqraz1022fwvyyg6fc1vdy-gcc-12.2.0/lib/gcc/x86_64-unknown-linux-gnu/12.2.0/include]
  collapse include dir [/nix/store/b7hvml0m3qmqraz1022fwvyyg6fc1vdy-gcc-12.2.0/include] ==> [/nix/store/b7hvml0m3qmqraz1022fwvyyg6fc1vdy-gcc-12.2.0/include]
  collapse include dir [/nix/store/b7hvml0m3qmqraz1022fwvyyg6fc1vdy-gcc-12.2.0/lib/gcc/x86_64-unknown-linux-gnu/12.2.0/include-fixed] ==> [/nix/store/b7hvml0m3qmqraz1022fwvyyg6fc1vdy-gcc-12.2.0/lib/gcc/x86_64-unknown-linux-gnu/12.2.0/include-fixed]
  collapse include dir [/nix/store/hkj250rjsvxcbr31fr1v81cv88cdfp4l-glibc-2.37-8-dev/include] ==> [/nix/store/hkj250rjsvxcbr31fr1v81cv88cdfp4l-glibc-2.37-8-dev/include]
  implicit include dirs: [/nix/store/0izdfh3zxrj68mbwbhzqycb1g3darad6-gcc-arm-embedded-12.2.rel1/include;/nix/store/zrkjwsk3jw5bblcw8yz559qw5j7rbqdb-libopencm3-0.1.0/include;/nix/store/b7hvml0m3qmqraz1022fwvyyg6fc1vdy-gcc-12.2.0/lib/gcc/x86_64-unknown-linux-gnu/12.2.0/include;/nix/store/b7hvml0m3qmqraz1022fwvyyg6fc1vdy-gcc-12.2.0/include;/nix/store/b7hvml0m3qmqraz1022fwvyyg6fc1vdy-gcc-12.2.0/lib/gcc/x86_64-unknown-linux-gnu/12.2.0/include-fixed;/nix/store/hkj250rjsvxcbr31fr1v81cv88cdfp4l-glibc-2.37-8-dev/include]


Parsed C implicit link information from above output:
  link line regex: [^( *|.*[/\])(ld|CMAKE_LINK_STARTFILE-NOTFOUND|([^/\]+-)?ld|collect2)[^/\]*( |$)]
  ignore line: [Change Dir: /home/ben/hytech/libopencm3_cmake/build/CMakeFiles/CMakeScratch/TryCompile-pjTDtZ]
  ignore line: []
  ignore line: [Run Build Command(s):/nix/store/ik9ibmq0rbznwyj6472lv2ab0c397lhy-gnumake-4.4.1/bin/make -f Makefile cmTC_bf96c/fast && /nix/store/ik9ibmq0rbznwyj6472lv2ab0c397lhy-gnumake-4.4.1/bin/make  -f CMakeFiles/cmTC_bf96c.dir/build.make CMakeFiles/cmTC_bf96c.dir/build]
  ignore line: [make[1]: Entering directory '/home/ben/hytech/libopencm3_cmake/build/CMakeFiles/CMakeScratch/TryCompile-pjTDtZ']
  ignore line: [Building C object CMakeFiles/cmTC_bf96c.dir/CMakeCCompilerABI.c.o]
  ignore line: [/nix/store/lcf37pgp3rgww67v9x2990hbfwx96c1w-gcc-wrapper-12.2.0/bin/gcc   -v -o CMakeFiles/cmTC_bf96c.dir/CMakeCCompilerABI.c.o -c /nix/store/0s8gvg6nh3d3cbby1hjf69jfb2xdvbvp-cmake-3.25.3/share/cmake-3.25/Modules/CMakeCCompilerABI.c]
  ignore line: [Using built-in specs.]
  ignore line: [COLLECT_GCC=/nix/store/b7hvml0m3qmqraz1022fwvyyg6fc1vdy-gcc-12.2.0/bin/gcc]
  ignore line: [Target: x86_64-unknown-linux-gnu]
  ignore line: [Configured with: ]
  ignore line: [Thread model: posix]
  ignore line: [Supported LTO compression algorithms: zlib]
  ignore line: [gcc version 12.2.0 (GCC) ]
  ignore line: [COLLECT_GCC_OPTIONS='-fPIC' '-Wformat=1' '-Wformat-security' '-Werror=format-security' '-fstack-protector-strong' '--param=ssp-buffer-size=4' '-O2' '-U' '_FORTIFY_SOURCE' '-D' '_FORTIFY_SOURCE=2' '-fno-strict-overflow' '-v' '-o' 'CMakeFiles/cmTC_bf96c.dir/CMakeCCompilerABI.c.o' '-c' '-B' '/nix/store/46m4xx889wlhsdj72j38fnlyyvvvvbyb-glibc-2.37-8/lib/' '-idirafter' '/nix/store/hkj250rjsvxcbr31fr1v81cv88cdfp4l-glibc-2.37-8-dev/include' '-idirafter' '/nix/store/b7hvml0m3qmqraz1022fwvyyg6fc1vdy-gcc-12.2.0/lib/gcc/x86_64-unknown-linux-gnu/12.2.0/include-fixed' '-B' '/nix/store/843dqq10jdkalr2yazaz6drx334visrb-gcc-12.2.0-lib/lib' '-B' '/nix/store/lcf37pgp3rgww67v9x2990hbfwx96c1w-gcc-wrapper-12.2.0/bin/' '-frandom-seed=q2l9z405f4' '-isystem' '/nix/store/0izdfh3zxrj68mbwbhzqycb1g3darad6-gcc-arm-embedded-12.2.rel1/include' '-isystem' '/nix/store/zrkjwsk3jw5bblcw8yz559qw5j7rbqdb-libopencm3-0.1.0/include' '-isystem' '/nix/store/0izdfh3zxrj68mbwbhzqycb1g3darad6-gcc-arm-embedded-12.2.rel1/include' '-isystem' '/nix/store/zrkjwsk3jw5bblcw8yz559qw5j7rbqdb-libopencm3-0.1.0/include' '-mtune=generic' '-march=x86-64' '-dumpdir' 'CMakeFiles/cmTC_bf96c.dir/']
  ignore line: [ /nix/store/b7hvml0m3qmqraz1022fwvyyg6fc1vdy-gcc-12.2.0/libexec/gcc/x86_64-unknown-linux-gnu/12.2.0/cc1 -quiet -v -U _FORTIFY_SOURCE -D _FORTIFY_SOURCE=2 -idirafter /nix/store/hkj250rjsvxcbr31fr1v81cv88cdfp4l-glibc-2.37-8-dev/include -idirafter /nix/store/b7hvml0m3qmqraz1022fwvyyg6fc1vdy-gcc-12.2.0/lib/gcc/x86_64-unknown-linux-gnu/12.2.0/include-fixed -isystem /nix/store/0izdfh3zxrj68mbwbhzqycb1g3darad6-gcc-arm-embedded-12.2.rel1/include -isystem /nix/store/zrkjwsk3jw5bblcw8yz559qw5j7rbqdb-libopencm3-0.1.0/include -isystem /nix/store/0izdfh3zxrj68mbwbhzqycb1g3darad6-gcc-arm-embedded-12.2.rel1/include -isystem /nix/store/zrkjwsk3jw5bblcw8yz559qw5j7rbqdb-libopencm3-0.1.0/include /nix/store/0s8gvg6nh3d3cbby1hjf69jfb2xdvbvp-cmake-3.25.3/share/cmake-3.25/Modules/CMakeCCompilerABI.c -quiet -dumpdir CMakeFiles/cmTC_bf96c.dir/ -dumpbase CMakeCCompilerABI.c.c -dumpbase-ext .c -mtune=generic -march=x86-64 -O2 -Wformat=1 -Wformat-security -Werror=format-security -version -fPIC -fstack-protector-strong -fno-strict-overflow -frandom-seed=q2l9z405f4 --param=ssp-buffer-size=4 -o /tmp/nix-shell.DXiV5K/ccmJQ4Vu.s]
  ignore line: [GNU C17 (GCC) version 12.2.0 (x86_64-unknown-linux-gnu)]
  ignore line: [	compiled by GNU C version 12.2.0  GMP version 6.2.1  MPFR version 4.2.0  MPC version 1.3.1  isl version isl-0.20-GMP]
  ignore line: []
  ignore line: [GGC heuristics: --param ggc-min-expand=100 --param ggc-min-heapsize=131072]
  ignore line: [ignoring duplicate directory "/nix/store/0izdfh3zxrj68mbwbhzqycb1g3darad6-gcc-arm-embedded-12.2.rel1/include"]
  ignore line: [ignoring duplicate directory "/nix/store/zrkjwsk3jw5bblcw8yz559qw5j7rbqdb-libopencm3-0.1.0/include"]
  ignore line: [ignoring nonexistent directory "/nix/store/b7hvml0m3qmqraz1022fwvyyg6fc1vdy-gcc-12.2.0/lib/gcc/x86_64-unknown-linux-gnu/12.2.0/../../../../x86_64-unknown-linux-gnu/include"]
  ignore line: [ignoring duplicate directory "/nix/store/hkj250rjsvxcbr31fr1v81cv88cdfp4l-glibc-2.37-8-dev/include"]
  ignore line: [ignoring duplicate directory "/nix/store/b7hvml0m3qmqraz1022fwvyyg6fc1vdy-gcc-12.2.0/lib/gcc/x86_64-unknown-linux-gnu/12.2.0/include-fixed"]
  ignore line: [#include "..." search starts here:]
  ignore line: [#include <...> search starts here:]
  ignore line: [ /nix/store/0izdfh3zxrj68mbwbhzqycb1g3darad6-gcc-arm-embedded-12.2.rel1/include]
  ignore line: [ /nix/store/zrkjwsk3jw5bblcw8yz559qw5j7rbqdb-libopencm3-0.1.0/include]
  ignore line: [ /nix/store/b7hvml0m3qmqraz1022fwvyyg6fc1vdy-gcc-12.2.0/lib/gcc/x86_64-unknown-linux-gnu/12.2.0/include]
  ignore line: [ /nix/store/b7hvml0m3qmqraz1022fwvyyg6fc1vdy-gcc-12.2.0/include]
  ignore line: [ /nix/store/b7hvml0m3qmqraz1022fwvyyg6fc1vdy-gcc-12.2.0/lib/gcc/x86_64-unknown-linux-gnu/12.2.0/include-fixed]
  ignore line: [ /nix/store/hkj250rjsvxcbr31fr1v81cv88cdfp4l-glibc-2.37-8-dev/include]
  ignore line: [End of search list.]
  ignore line: [GNU C17 (GCC) version 12.2.0 (x86_64-unknown-linux-gnu)]
  ignore line: [	compiled by GNU C version 12.2.0  GMP version 6.2.1  MPFR version 4.2.0  MPC version 1.3.1  isl version isl-0.20-GMP]
  ignore line: []
  ignore line: [GGC heuristics: --param ggc-min-expand=100 --param ggc-min-heapsize=131072]
  ignore line: [Compiler executable checksum: 36cce6a841d7c2d760c3a9223a7d2b37]
  ignore line: [COLLECT_GCC_OPTIONS='-fPIC' '-Wformat=1' '-Wformat-security' '-Werror=format-security' '-fstack-protector-strong' '--param=ssp-buffer-size=4' '-O2' '-U' '_FORTIFY_SOURCE' '-D' '_FORTIFY_SOURCE=2' '-fno-strict-overflow' '-v' '-o' 'CMakeFiles/cmTC_bf96c.dir/CMakeCCompilerABI.c.o' '-c' '-B' '/nix/store/46m4xx889wlhsdj72j38fnlyyvvvvbyb-glibc-2.37-8/lib/' '-idirafter' '/nix/store/hkj250rjsvxcbr31fr1v81cv88cdfp4l-glibc-2.37-8-dev/include' '-idirafter' '/nix/store/b7hvml0m3qmqraz1022fwvyyg6fc1vdy-gcc-12.2.0/lib/gcc/x86_64-unknown-linux-gnu/12.2.0/include-fixed' '-B' '/nix/store/843dqq10jdkalr2yazaz6drx334visrb-gcc-12.2.0-lib/lib' '-B' '/nix/store/lcf37pgp3rgww67v9x2990hbfwx96c1w-gcc-wrapper-12.2.0/bin/' '-frandom-seed=q2l9z405f4' '-isystem' '/nix/store/0izdfh3zxrj68mbwbhzqycb1g3darad6-gcc-arm-embedded-12.2.rel1/include' '-isystem' '/nix/store/zrkjwsk3jw5bblcw8yz559qw5j7rbqdb-libopencm3-0.1.0/include' '-isystem' '/nix/store/0izdfh3zxrj68mbwbhzqycb1g3darad6-gcc-arm-embedded-12.2.rel1/include' '-isystem' '/nix/store/zrkjwsk3jw5bblcw8yz559qw5j7rbqdb-libopencm3-0.1.0/include' '-mtune=generic' '-march=x86-64' '-dumpdir' 'CMakeFiles/cmTC_bf96c.dir/']
  ignore line: [ /nix/store/lcf37pgp3rgww67v9x2990hbfwx96c1w-gcc-wrapper-12.2.0/bin/as -v --64 -o CMakeFiles/cmTC_bf96c.dir/CMakeCCompilerABI.c.o /tmp/nix-shell.DXiV5K/ccmJQ4Vu.s]
  ignore line: [GNU assembler version 2.40 (x86_64-unknown-linux-gnu) using BFD version (GNU Binutils) 2.40]
  ignore line: [COMPILER_PATH=/nix/store/46m4xx889wlhsdj72j38fnlyyvvvvbyb-glibc-2.37-8/lib/:/nix/store/843dqq10jdkalr2yazaz6drx334visrb-gcc-12.2.0-lib/lib/:/nix/store/lcf37pgp3rgww67v9x2990hbfwx96c1w-gcc-wrapper-12.2.0/bin/:/nix/store/b7hvml0m3qmqraz1022fwvyyg6fc1vdy-gcc-12.2.0/libexec/gcc/x86_64-unknown-linux-gnu/12.2.0/:/nix/store/b7hvml0m3qmqraz1022fwvyyg6fc1vdy-gcc-12.2.0/libexec/gcc/x86_64-unknown-linux-gnu/12.2.0/:/nix/store/b7hvml0m3qmqraz1022fwvyyg6fc1vdy-gcc-12.2.0/libexec/gcc/x86_64-unknown-linux-gnu/:/nix/store/b7hvml0m3qmqraz1022fwvyyg6fc1vdy-gcc-12.2.0/lib/gcc/x86_64-unknown-linux-gnu/12.2.0/:/nix/store/b7hvml0m3qmqraz1022fwvyyg6fc1vdy-gcc-12.2.0/lib/gcc/x86_64-unknown-linux-gnu/]
  ignore line: [LIBRARY_PATH=/nix/store/46m4xx889wlhsdj72j38fnlyyvvvvbyb-glibc-2.37-8/lib/:/nix/store/843dqq10jdkalr2yazaz6drx334visrb-gcc-12.2.0-lib/lib/:/nix/store/lcf37pgp3rgww67v9x2990hbfwx96c1w-gcc-wrapper-12.2.0/bin/:/nix/store/b7hvml0m3qmqraz1022fwvyyg6fc1vdy-gcc-12.2.0/lib/gcc/x86_64-unknown-linux-gnu/12.2.0/:/nix/store/b7hvml0m3qmqraz1022fwvyyg6fc1vdy-gcc-12.2.0/lib/gcc/x86_64-unknown-linux-gnu/12.2.0/../../../../lib64/:/nix/store/b7hvml0m3qmqraz1022fwvyyg6fc1vdy-gcc-12.2.0/lib/gcc/x86_64-unknown-linux-gnu/12.2.0/../../../]
  ignore line: [COLLECT_GCC_OPTIONS='-fPIC' '-Wformat=1' '-Wformat-security' '-Werror=format-security' '-fstack-protector-strong' '--param=ssp-buffer-size=4' '-O2' '-U' '_FORTIFY_SOURCE' '-D' '_FORTIFY_SOURCE=2' '-fno-strict-overflow' '-v' '-o' 'CMakeFiles/cmTC_bf96c.dir/CMakeCCompilerABI.c.o' '-c' '-B' '/nix/store/46m4xx889wlhsdj72j38fnlyyvvvvbyb-glibc-2.37-8/lib/' '-idirafter' '/nix/store/hkj250rjsvxcbr31fr1v81cv88cdfp4l-glibc-2.37-8-dev/include' '-idirafter' '/nix/store/b7hvml0m3qmqraz1022fwvyyg6fc1vdy-gcc-12.2.0/lib/gcc/x86_64-unknown-linux-gnu/12.2.0/include-fixed' '-B' '/nix/store/843dqq10jdkalr2yazaz6drx334visrb-gcc-12.2.0-lib/lib' '-B' '/nix/store/lcf37pgp3rgww67v9x2990hbfwx96c1w-gcc-wrapper-12.2.0/bin/' '-frandom-seed=q2l9z405f4' '-isystem' '/nix/store/0izdfh3zxrj68mbwbhzqycb1g3darad6-gcc-arm-embedded-12.2.rel1/include' '-isystem' '/nix/store/zrkjwsk3jw5bblcw8yz559qw5j7rbqdb-libopencm3-0.1.0/include' '-isystem' '/nix/store/0izdfh3zxrj68mbwbhzqycb1g3darad6-gcc-arm-embedded-12.2.rel1/include' '-isystem' '/nix/store/zrkjwsk3jw5bblcw8yz559qw5j7rbqdb-libopencm3-0.1.0/include' '-mtune=generic' '-march=x86-64' '-dumpdir' 'CMakeFiles/cmTC_bf96c.dir/CMakeCCompilerABI.c.']
  ignore line: [Linking C executable cmTC_bf96c]
  ignore line: [/nix/store/0s8gvg6nh3d3cbby1hjf69jfb2xdvbvp-cmake-3.25.3/bin/cmake -E cmake_link_script CMakeFiles/cmTC_bf96c.dir/link.txt --verbose=1]
  ignore line: [/nix/store/lcf37pgp3rgww67v9x2990hbfwx96c1w-gcc-wrapper-12.2.0/bin/gcc  -v CMakeFiles/cmTC_bf96c.dir/CMakeCCompilerABI.c.o -o cmTC_bf96c ]
  ignore line: [Using built-in specs.]
  ignore line: [COLLECT_GCC=/nix/store/b7hvml0m3qmqraz1022fwvyyg6fc1vdy-gcc-12.2.0/bin/gcc]
  ignore line: [COLLECT_LTO_WRAPPER=/nix/store/b7hvml0m3qmqraz1022fwvyyg6fc1vdy-gcc-12.2.0/libexec/gcc/x86_64-unknown-linux-gnu/12.2.0/lto-wrapper]
  ignore line: [Target: x86_64-unknown-linux-gnu]
  ignore line: [Configured with: ]
  ignore line: [Thread model: posix]
  ignore line: [Supported LTO compression algorithms: zlib]
  ignore line: [gcc version 12.2.0 (GCC) ]
  ignore line: [COMPILER_PATH=/nix/store/46m4xx889wlhsdj72j38fnlyyvvvvbyb-glibc-2.37-8/lib/:/nix/store/843dqq10jdkalr2yazaz6drx334visrb-gcc-12.2.0-lib/lib/:/nix/store/lcf37pgp3rgww67v9x2990hbfwx96c1w-gcc-wrapper-12.2.0/bin/:/nix/store/b7hvml0m3qmqraz1022fwvyyg6fc1vdy-gcc-12.2.0/libexec/gcc/x86_64-unknown-linux-gnu/12.2.0/:/nix/store/b7hvml0m3qmqraz1022fwvyyg6fc1vdy-gcc-12.2.0/libexec/gcc/x86_64-unknown-linux-gnu/12.2.0/:/nix/store/b7hvml0m3qmqraz1022fwvyyg6fc1vdy-gcc-12.2.0/libexec/gcc/x86_64-unknown-linux-gnu/:/nix/store/b7hvml0m3qmqraz1022fwvyyg6fc1vdy-gcc-12.2.0/lib/gcc/x86_64-unknown-linux-gnu/12.2.0/:/nix/store/b7hvml0m3qmqraz1022fwvyyg6fc1vdy-gcc-12.2.0/lib/gcc/x86_64-unknown-linux-gnu/]
  ignore line: [LIBRARY_PATH=/nix/store/46m4xx889wlhsdj72j38fnlyyvvvvbyb-glibc-2.37-8/lib/:/nix/store/843dqq10jdkalr2yazaz6drx334visrb-gcc-12.2.0-lib/lib/:/nix/store/lcf37pgp3rgww67v9x2990hbfwx96c1w-gcc-wrapper-12.2.0/bin/:/nix/store/b7hvml0m3qmqraz1022fwvyyg6fc1vdy-gcc-12.2.0/lib/gcc/x86_64-unknown-linux-gnu/12.2.0/:/nix/store/b7hvml0m3qmqraz1022fwvyyg6fc1vdy-gcc-12.2.0/lib/gcc/x86_64-unknown-linux-gnu/12.2.0/../../../../lib64/:/nix/store/b7hvml0m3qmqraz1022fwvyyg6fc1vdy-gcc-12.2.0/lib/gcc/x86_64-unknown-linux-gnu/12.2.0/../../../]
  ignore line: [COLLECT_GCC_OPTIONS='-fPIC' '-Wformat=1' '-Wformat-security' '-Werror=format-security' '-fstack-protector-strong' '--param=ssp-buffer-size=4' '-O2' '-U' '_FORTIFY_SOURCE' '-D' '_FORTIFY_SOURCE=2' '-fno-strict-overflow' '-v' '-o' 'cmTC_bf96c' '-B' '/nix/store/46m4xx889wlhsdj72j38fnlyyvvvvbyb-glibc-2.37-8/lib/' '-idirafter' '/nix/store/hkj250rjsvxcbr31fr1v81cv88cdfp4l-glibc-2.37-8-dev/include' '-idirafter' '/nix/store/b7hvml0m3qmqraz1022fwvyyg6fc1vdy-gcc-12.2.0/lib/gcc/x86_64-unknown-linux-gnu/12.2.0/include-fixed' '-B' '/nix/store/843dqq10jdkalr2yazaz6drx334visrb-gcc-12.2.0-lib/lib' '-B' '/nix/store/lcf37pgp3rgww67v9x2990hbfwx96c1w-gcc-wrapper-12.2.0/bin/' '-frandom-seed=q2l9z405f4' '-isystem' '/nix/store/0izdfh3zxrj68mbwbhzqycb1g3darad6-gcc-arm-embedded-12.2.rel1/include' '-isystem' '/nix/store/zrkjwsk3jw5bblcw8yz559qw5j7rbqdb-libopencm3-0.1.0/include' '-isystem' '/nix/store/0izdfh3zxrj68mbwbhzqycb1g3darad6-gcc-arm-embedded-12.2.rel1/include' '-isystem' '/nix/store/zrkjwsk3jw5bblcw8yz559qw5j7rbqdb-libopencm3-0.1.0/include' '-L/nix/store/zrkjwsk3jw5bblcw8yz559qw5j7rbqdb-libopencm3-0.1.0/lib' '-L/nix/store/zrkjwsk3jw5bblcw8yz559qw5j7rbqdb-libopencm3-0.1.0/lib' '-L/nix/store/46m4xx889wlhsdj72j38fnlyyvvvvbyb-glibc-2.37-8/lib' '-L/nix/store/b7hvml0m3qmqraz1022fwvyyg6fc1vdy-gcc-12.2.0/lib/gcc/x86_64-unknown-linux-gnu/12.2.0' '-L/nix/store/843dqq10jdkalr2yazaz6drx334visrb-gcc-12.2.0-lib/x86_64-unknown-linux-gnu/lib' '-L/nix/store/843dqq10jdkalr2yazaz6drx334visrb-gcc-12.2.0-lib/lib' '-mtune=generic' '-march=x86-64' '-dumpdir' 'cmTC_bf96c.']
  link line: [ /nix/store/b7hvml0m3qmqraz1022fwvyyg6fc1vdy-gcc-12.2.0/libexec/gcc/x86_64-unknown-linux-gnu/12.2.0/collect2 -plugin /nix/store/b7hvml0m3qmqraz1022fwvyyg6fc1vdy-gcc-12.2.0/libexec/gcc/x86_64-unknown-linux-gnu/12.2.0/liblto_plugin.so -plugin-opt=/nix/store/b7hvml0m3qmqraz1022fwvyyg6fc1vdy-gcc-12.2.0/libexec/gcc/x86_64-unknown-linux-gnu/12.2.0/lto-wrapper -plugin-opt=-fresolution=/tmp/nix-shell.DXiV5K/ccwCXRHz.res -plugin-opt=-pass-through=-lgcc -plugin-opt=-pass-through=-lgcc_s -plugin-opt=-pass-through=-lc -plugin-opt=-pass-through=-lgcc -plugin-opt=-pass-through=-lgcc_s --eh-frame-hdr -m elf_x86_64 -dynamic-linker /nix/store/46m4xx889wlhsdj72j38fnlyyvvvvbyb-glibc-2.37-8/lib64/ld-linux-x86-64.so.2 -o cmTC_bf96c /nix/store/46m4xx889wlhsdj72j38fnlyyvvvvbyb-glibc-2.37-8/lib/crt1.o /nix/store/46m4xx889wlhsdj72j38fnlyyvvvvbyb-glibc-2.37-8/lib/crti.o /nix/store/b7hvml0m3qmqraz1022fwvyyg6fc1vdy-gcc-12.2.0/lib/gcc/x86_64-unknown-linux-gnu/12.2.0/crtbegin.o -L/nix/store/zrkjwsk3jw5bblcw8yz559qw5j7rbqdb-libopencm3-0.1.0/lib -L/nix/store/zrkjwsk3jw5bblcw8yz559qw5j7rbqdb-libopencm3-0.1.0/lib -L/nix/store/46m4xx889wlhsdj72j38fnlyyvvvvbyb-glibc-2.37-8/lib -L/nix/store/b7hvml0m3qmqraz1022fwvyyg6fc1vdy-gcc-12.2.0/lib/gcc/x86_64-unknown-linux-gnu/12.2.0 -L/nix/store/843dqq10jdkalr2yazaz6drx334visrb-gcc-12.2.0-lib/x86_64-unknown-linux-gnu/lib -L/nix/store/843dqq10jdkalr2yazaz6drx334visrb-gcc-12.2.0-lib/lib -L/nix/store/46m4xx889wlhsdj72j38fnlyyvvvvbyb-glibc-2.37-8/lib -L/nix/store/843dqq10jdkalr2yazaz6drx334visrb-gcc-12.2.0-lib/lib -L/nix/store/lcf37pgp3rgww67v9x2990hbfwx96c1w-gcc-wrapper-12.2.0/bin -L/nix/store/b7hvml0m3qmqraz1022fwvyyg6fc1vdy-gcc-12.2.0/lib/gcc/x86_64-unknown-linux-gnu/12.2.0 -L/nix/store/b7hvml0m3qmqraz1022fwvyyg6fc1vdy-gcc-12.2.0/lib/gcc/x86_64-unknown-linux-gnu/12.2.0/../../../../lib64 -L/nix/store/b7hvml0m3qmqraz1022fwvyyg6fc1vdy-gcc-12.2.0/lib/gcc/x86_64-unknown-linux-gnu/12.2.0/../../.. -dynamic-linker=/nix/store/46m4xx889wlhsdj72j38fnlyyvvvvbyb-glibc-2.37-8/lib/ld-linux-x86-64.so.2 CMakeFiles/cmTC_bf96c.dir/CMakeCCompilerABI.c.o -rpath /home/ben/hytech/libopencm3_cmake/outputs/out/lib64 -rpath /home/ben/hytech/libopencm3_cmake/outputs/out/lib -lgcc --push-state --as-needed -lgcc_s --pop-state -lc -lgcc --push-state --as-needed -lgcc_s --pop-state /nix/store/b7hvml0m3qmqraz1022fwvyyg6fc1vdy-gcc-12.2.0/lib/gcc/x86_64-unknown-linux-gnu/12.2.0/crtend.o /nix/store/46m4xx889wlhsdj72j38fnlyyvvvvbyb-glibc-2.37-8/lib/crtn.o]
    arg [/nix/store/b7hvml0m3qmqraz1022fwvyyg6fc1vdy-gcc-12.2.0/libexec/gcc/x86_64-unknown-linux-gnu/12.2.0/collect2] ==> ignore
    arg [-plugin] ==> ignore
    arg [/nix/store/b7hvml0m3qmqraz1022fwvyyg6fc1vdy-gcc-12.2.0/libexec/gcc/x86_64-unknown-linux-gnu/12.2.0/liblto_plugin.so] ==> ignore
    arg [-plugin-opt=/nix/store/b7hvml0m3qmqraz1022fwvyyg6fc1vdy-gcc-12.2.0/libexec/gcc/x86_64-unknown-linux-gnu/12.2.0/lto-wrapper] ==> ignore
    arg [-plugin-opt=-fresolution=/tmp/nix-shell.DXiV5K/ccwCXRHz.res] ==> ignore
    arg [-plugin-opt=-pass-through=-lgcc] ==> ignore
    arg [-plugin-opt=-pass-through=-lgcc_s] ==> ignore
    arg [-plugin-opt=-pass-through=-lc] ==> ignore
    arg [-plugin-opt=-pass-through=-lgcc] ==> ignore
    arg [-plugin-opt=-pass-through=-lgcc_s] ==> ignore
    arg [--eh-frame-hdr] ==> ignore
    arg [-m] ==> ignore
    arg [elf_x86_64] ==> ignore
    arg [-dynamic-linker] ==> ignore
    arg [/nix/store/46m4xx889wlhsdj72j38fnlyyvvvvbyb-glibc-2.37-8/lib64/ld-linux-x86-64.so.2] ==> ignore
    arg [-o] ==> ignore
    arg [cmTC_bf96c] ==> ignore
    arg [/nix/store/46m4xx889wlhsdj72j38fnlyyvvvvbyb-glibc-2.37-8/lib/crt1.o] ==> obj [/nix/store/46m4xx889wlhsdj72j38fnlyyvvvvbyb-glibc-2.37-8/lib/crt1.o]
    arg [/nix/store/46m4xx889wlhsdj72j38fnlyyvvvvbyb-glibc-2.37-8/lib/crti.o] ==> obj [/nix/store/46m4xx889wlhsdj72j38fnlyyvvvvbyb-glibc-2.37-8/lib/crti.o]
    arg [/nix/store/b7hvml0m3qmqraz1022fwvyyg6fc1vdy-gcc-12.2.0/lib/gcc/x86_64-unknown-linux-gnu/12.2.0/crtbegin.o] ==> obj [/nix/store/b7hvml0m3qmqraz1022fwvyyg6fc1vdy-gcc-12.2.0/lib/gcc/x86_64-unknown-linux-gnu/12.2.0/crtbegin.o]
    arg [-L/nix/store/zrkjwsk3jw5bblcw8yz559qw5j7rbqdb-libopencm3-0.1.0/lib] ==> dir [/nix/store/zrkjwsk3jw5bblcw8yz559qw5j7rbqdb-libopencm3-0.1.0/lib]
    arg [-L/nix/store/zrkjwsk3jw5bblcw8yz559qw5j7rbqdb-libopencm3-0.1.0/lib] ==> dir [/nix/store/zrkjwsk3jw5bblcw8yz559qw5j7rbqdb-libopencm3-0.1.0/lib]
    arg [-L/nix/store/46m4xx889wlhsdj72j38fnlyyvvvvbyb-glibc-2.37-8/lib] ==> dir [/nix/store/46m4xx889wlhsdj72j38fnlyyvvvvbyb-glibc-2.37-8/lib]
    arg [-L/nix/store/b7hvml0m3qmqraz1022fwvyyg6fc1vdy-gcc-12.2.0/lib/gcc/x86_64-unknown-linux-gnu/12.2.0] ==> dir [/nix/store/b7hvml0m3qmqraz1022fwvyyg6fc1vdy-gcc-12.2.0/lib/gcc/x86_64-unknown-linux-gnu/12.2.0]
    arg [-L/nix/store/843dqq10jdkalr2yazaz6drx334visrb-gcc-12.2.0-lib/x86_64-unknown-linux-gnu/lib] ==> dir [/nix/store/843dqq10jdkalr2yazaz6drx334visrb-gcc-12.2.0-lib/x86_64-unknown-linux-gnu/lib]
    arg [-L/nix/store/843dqq10jdkalr2yazaz6drx334visrb-gcc-12.2.0-lib/lib] ==> dir [/nix/store/843dqq10jdkalr2yazaz6drx334visrb-gcc-12.2.0-lib/lib]
    arg [-L/nix/store/46m4xx889wlhsdj72j38fnlyyvvvvbyb-glibc-2.37-8/lib] ==> dir [/nix/store/46m4xx889wlhsdj72j38fnlyyvvvvbyb-glibc-2.37-8/lib]
    arg [-L/nix/store/843dqq10jdkalr2yazaz6drx334visrb-gcc-12.2.0-lib/lib] ==> dir [/nix/store/843dqq10jdkalr2yazaz6drx334visrb-gcc-12.2.0-lib/lib]
    arg [-L/nix/store/lcf37pgp3rgww67v9x2990hbfwx96c1w-gcc-wrapper-12.2.0/bin] ==> dir [/nix/store/lcf37pgp3rgww67v9x2990hbfwx96c1w-gcc-wrapper-12.2.0/bin]
    arg [-L/nix/store/b7hvml0m3qmqraz1022fwvyyg6fc1vdy-gcc-12.2.0/lib/gcc/x86_64-unknown-linux-gnu/12.2.0] ==> dir [/nix/store/b7hvml0m3qmqraz1022fwvyyg6fc1vdy-gcc-12.2.0/lib/gcc/x86_64-unknown-linux-gnu/12.2.0]
    arg [-L/nix/store/b7hvml0m3qmqraz1022fwvyyg6fc1vdy-gcc-12.2.0/lib/gcc/x86_64-unknown-linux-gnu/12.2.0/../../../../lib64] ==> dir [/nix/store/b7hvml0m3qmqraz1022fwvyyg6fc1vdy-gcc-12.2.0/lib/gcc/x86_64-unknown-linux-gnu/12.2.0/../../../../lib64]
    arg [-L/nix/store/b7hvml0m3qmqraz1022fwvyyg6fc1vdy-gcc-12.2.0/lib/gcc/x86_64-unknown-linux-gnu/12.2.0/../../..] ==> dir [/nix/store/b7hvml0m3qmqraz1022fwvyyg6fc1vdy-gcc-12.2.0/lib/gcc/x86_64-unknown-linux-gnu/12.2.0/../../..]
    arg [-dynamic-linker=/nix/store/46m4xx889wlhsdj72j38fnlyyvvvvbyb-glibc-2.37-8/lib/ld-linux-x86-64.so.2] ==> ignore
    arg [CMakeFiles/cmTC_bf96c.dir/CMakeCCompilerABI.c.o] ==> ignore
    arg [-rpath] ==> ignore
    arg [/home/ben/hytech/libopencm3_cmake/outputs/out/lib64] ==> ignore
    arg [-rpath] ==> ignore
    arg [/home/ben/hytech/libopencm3_cmake/outputs/out/lib] ==> ignore
    arg [-lgcc] ==> lib [gcc]
    arg [--push-state] ==> ignore
    arg [--as-needed] ==> ignore
    arg [-lgcc_s] ==> lib [gcc_s]
    arg [--pop-state] ==> ignore
    arg [-lc] ==> lib [c]
    arg [-lgcc] ==> lib [gcc]
    arg [--push-state] ==> ignore
    arg [--as-needed] ==> ignore
    arg [-lgcc_s] ==> lib [gcc_s]
    arg [--pop-state] ==> ignore
    arg [/nix/store/b7hvml0m3qmqraz1022fwvyyg6fc1vdy-gcc-12.2.0/lib/gcc/x86_64-unknown-linux-gnu/12.2.0/crtend.o] ==> obj [/nix/store/b7hvml0m3qmqraz1022fwvyyg6fc1vdy-gcc-12.2.0/lib/gcc/x86_64-unknown-linux-gnu/12.2.0/crtend.o]
    arg [/nix/store/46m4xx889wlhsdj72j38fnlyyvvvvbyb-glibc-2.37-8/lib/crtn.o] ==> obj [/nix/store/46m4xx889wlhsdj72j38fnlyyvvvvbyb-glibc-2.37-8/lib/crtn.o]
  collapse library dir [/nix/store/zrkjwsk3jw5bblcw8yz559qw5j7rbqdb-libopencm3-0.1.0/lib] ==> [/nix/store/zrkjwsk3jw5bblcw8yz559qw5j7rbqdb-libopencm3-0.1.0/lib]
  collapse library dir [/nix/store/zrkjwsk3jw5bblcw8yz559qw5j7rbqdb-libopencm3-0.1.0/lib] ==> [/nix/store/zrkjwsk3jw5bblcw8yz559qw5j7rbqdb-libopencm3-0.1.0/lib]
  collapse library dir [/nix/store/46m4xx889wlhsdj72j38fnlyyvvvvbyb-glibc-2.37-8/lib] ==> [/nix/store/46m4xx889wlhsdj72j38fnlyyvvvvbyb-glibc-2.37-8/lib]
  collapse library dir [/nix/store/b7hvml0m3qmqraz1022fwvyyg6fc1vdy-gcc-12.2.0/lib/gcc/x86_64-unknown-linux-gnu/12.2.0] ==> [/nix/store/b7hvml0m3qmqraz1022fwvyyg6fc1vdy-gcc-12.2.0/lib/gcc/x86_64-unknown-linux-gnu/12.2.0]
  collapse library dir [/nix/store/843dqq10jdkalr2yazaz6drx334visrb-gcc-12.2.0-lib/x86_64-unknown-linux-gnu/lib] ==> [/nix/store/843dqq10jdkalr2yazaz6drx334visrb-gcc-12.2.0-lib/x86_64-unknown-linux-gnu/lib]
  collapse library dir [/nix/store/843dqq10jdkalr2yazaz6drx334visrb-gcc-12.2.0-lib/lib] ==> [/nix/store/843dqq10jdkalr2yazaz6drx334visrb-gcc-12.2.0-lib/lib]
  collapse library dir [/nix/store/46m4xx889wlhsdj72j38fnlyyvvvvbyb-glibc-2.37-8/lib] ==> [/nix/store/46m4xx889wlhsdj72j38fnlyyvvvvbyb-glibc-2.37-8/lib]
  collapse library dir [/nix/store/843dqq10jdkalr2yazaz6drx334visrb-gcc-12.2.0-lib/lib] ==> [/nix/store/843dqq10jdkalr2yazaz6drx334visrb-gcc-12.2.0-lib/lib]
  collapse library dir [/nix/store/lcf37pgp3rgww67v9x2990hbfwx96c1w-gcc-wrapper-12.2.0/bin] ==> [/nix/store/lcf37pgp3rgww67v9x2990hbfwx96c1w-gcc-wrapper-12.2.0/bin]
  collapse library dir [/nix/store/b7hvml0m3qmqraz1022fwvyyg6fc1vdy-gcc-12.2.0/lib/gcc/x86_64-unknown-linux-gnu/12.2.0] ==> [/nix/store/b7hvml0m3qmqraz1022fwvyyg6fc1vdy-gcc-12.2.0/lib/gcc/x86_64-unknown-linux-gnu/12.2.0]
  collapse library dir [/nix/store/b7hvml0m3qmqraz1022fwvyyg6fc1vdy-gcc-12.2.0/lib/gcc/x86_64-unknown-linux-gnu/12.2.0/../../../../lib64] ==> [/nix/store/b7hvml0m3qmqraz1022fwvyyg6fc1vdy-gcc-12.2.0/lib64]
  collapse library dir [/nix/store/b7hvml0m3qmqraz1022fwvyyg6fc1vdy-gcc-12.2.0/lib/gcc/x86_64-unknown-linux-gnu/12.2.0/../../..] ==> [/nix/store/b7hvml0m3qmqraz1022fwvyyg6fc1vdy-gcc-12.2.0/lib]
  implicit libs: [gcc;gcc_s;c;gcc;gcc_s]
  implicit objs: [/nix/store/46m4xx889wlhsdj72j38fnlyyvvvvbyb-glibc-2.37-8/lib/crt1.o;/nix/store/46m4xx889wlhsdj72j38fnlyyvvvvbyb-glibc-2.37-8/lib/crti.o;/nix/store/b7hvml0m3qmqraz1022fwvyyg6fc1vdy-gcc-12.2.0/lib/gcc/x86_64-unknown-linux-gnu/12.2.0/crtbegin.o;/nix/store/b7hvml0m3qmqraz1022fwvyyg6fc1vdy-gcc-12.2.0/lib/gcc/x86_64-unknown-linux-gnu/12.2.0/crtend.o;/nix/store/46m4xx889wlhsdj72j38fnlyyvvvvbyb-glibc-2.37-8/lib/crtn.o]
  implicit dirs: [/nix/store/zrkjwsk3jw5bblcw8yz559qw5j7rbqdb-libopencm3-0.1.0/lib;/nix/store/46m4xx889wlhsdj72j38fnlyyvvvvbyb-glibc-2.37-8/lib;/nix/store/b7hvml0m3qmqraz1022fwvyyg6fc1vdy-gcc-12.2.0/lib/gcc/x86_64-unknown-linux-gnu/12.2.0;/nix/store/843dqq10jdkalr2yazaz6drx334visrb-gcc-12.2.0-lib/x86_64-unknown-linux-gnu/lib;/nix/store/843dqq10jdkalr2yazaz6drx334visrb-gcc-12.2.0-lib/lib;/nix/store/lcf37pgp3rgww67v9x2990hbfwx96c1w-gcc-wrapper-12.2.0/bin;/nix/store/b7hvml0m3qmqraz1022fwvyyg6fc1vdy-gcc-12.2.0/lib64;/nix/store/b7hvml0m3qmqraz1022fwvyyg6fc1vdy-gcc-12.2.0/lib]
  implicit fwks: []


Detecting CXX compiler ABI info compiled with the following output:
Change Dir: /home/ben/hytech/libopencm3_cmake/build/CMakeFiles/CMakeScratch/TryCompile-bLzq3o

Run Build Command(s):/nix/store/ik9ibmq0rbznwyj6472lv2ab0c397lhy-gnumake-4.4.1/bin/make -f Makefile cmTC_10b30/fast && /nix/store/ik9ibmq0rbznwyj6472lv2ab0c397lhy-gnumake-4.4.1/bin/make  -f CMakeFiles/cmTC_10b30.dir/build.make CMakeFiles/cmTC_10b30.dir/build
make[1]: Entering directory '/home/ben/hytech/libopencm3_cmake/build/CMakeFiles/CMakeScratch/TryCompile-bLzq3o'
Building CXX object CMakeFiles/cmTC_10b30.dir/CMakeCXXCompilerABI.cpp.o
/nix/store/lcf37pgp3rgww67v9x2990hbfwx96c1w-gcc-wrapper-12.2.0/bin/g++   -v -o CMakeFiles/cmTC_10b30.dir/CMakeCXXCompilerABI.cpp.o -c /nix/store/0s8gvg6nh3d3cbby1hjf69jfb2xdvbvp-cmake-3.25.3/share/cmake-3.25/Modules/CMakeCXXCompilerABI.cpp
Using built-in specs.
COLLECT_GCC=/nix/store/b7hvml0m3qmqraz1022fwvyyg6fc1vdy-gcc-12.2.0/bin/g++
Target: x86_64-unknown-linux-gnu
Configured with: 
Thread model: posix
Supported LTO compression algorithms: zlib
gcc version 12.2.0 (GCC) 
COLLECT_GCC_OPTIONS='-fPIC' '-Wformat=1' '-Wformat-security' '-Werror=format-security' '-fstack-protector-strong' '--param=ssp-buffer-size=4' '-O2' '-U' '_FORTIFY_SOURCE' '-D' '_FORTIFY_SOURCE=2' '-fno-strict-overflow' '-v' '-o' 'CMakeFiles/cmTC_10b30.dir/CMakeCXXCompilerABI.cpp.o' '-c' '-B' '/nix/store/46m4xx889wlhsdj72j38fnlyyvvvvbyb-glibc-2.37-8/lib/' '-idirafter' '/nix/store/hkj250rjsvxcbr31fr1v81cv88cdfp4l-glibc-2.37-8-dev/include' '-idirafter' '/nix/store/b7hvml0m3qmqraz1022fwvyyg6fc1vdy-gcc-12.2.0/lib/gcc/x86_64-unknown-linux-gnu/12.2.0/include-fixed' '-B' '/nix/store/843dqq10jdkalr2yazaz6drx334visrb-gcc-12.2.0-lib/lib' '-B' '/nix/store/lcf37pgp3rgww67v9x2990hbfwx96c1w-gcc-wrapper-12.2.0/bin/' '-frandom-seed=q2l9z405f4' '-isystem' '/nix/store/0izdfh3zxrj68mbwbhzqycb1g3darad6-gcc-arm-embedded-12.2.rel1/include' '-isystem' '/nix/store/zrkjwsk3jw5bblcw8yz559qw5j7rbqdb-libopencm3-0.1.0/include' '-isystem' '/nix/store/0izdfh3zxrj68mbwbhzqycb1g3darad6-gcc-arm-embedded-12.2.rel1/include' '-isystem' '/nix/store/zrkjwsk3jw5bblcw8yz559qw5j7rbqdb-libopencm3-0.1.0/include' '-shared-libgcc' '-mtune=generic' '-march=x86-64' '-dumpdir' 'CMakeFiles/cmTC_10b30.dir/'
 /nix/store/b7hvml0m3qmqraz1022fwvyyg6fc1vdy-gcc-12.2.0/libexec/gcc/x86_64-unknown-linux-gnu/12.2.0/cc1plus -quiet -v -D_GNU_SOURCE -U _FORTIFY_SOURCE -D _FORTIFY_SOURCE=2 -idirafter /nix/store/hkj250rjsvxcbr31fr1v81cv88cdfp4l-glibc-2.37-8-dev/include -idirafter /nix/store/b7hvml0m3qmqraz1022fwvyyg6fc1vdy-gcc-12.2.0/lib/gcc/x86_64-unknown-linux-gnu/12.2.0/include-fixed -isystem /nix/store/0izdfh3zxrj68mbwbhzqycb1g3darad6-gcc-arm-embedded-12.2.rel1/include -isystem /nix/store/zrkjwsk3jw5bblcw8yz559qw5j7rbqdb-libopencm3-0.1.0/include -isystem /nix/store/0izdfh3zxrj68mbwbhzqycb1g3darad6-gcc-arm-embedded-12.2.rel1/include -isystem /nix/store/zrkjwsk3jw5bblcw8yz559qw5j7rbqdb-libopencm3-0.1.0/include /nix/store/0s8gvg6nh3d3cbby1hjf69jfb2xdvbvp-cmake-3.25.3/share/cmake-3.25/Modules/CMakeCXXCompilerABI.cpp -quiet -dumpdir CMakeFiles/cmTC_10b30.dir/ -dumpbase CMakeCXXCompilerABI.cpp.cpp -dumpbase-ext .cpp -mtune=generic -march=x86-64 -O2 -Wformat=1 -Wformat-security -Werror=format-security -version -fPIC -fstack-protector-strong -fno-strict-overflow -frandom-seed=q2l9z405f4 --param=ssp-buffer-size=4 -o /tmp/nix-shell.DXiV5K/ccSGMxjG.s
GNU C++17 (GCC) version 12.2.0 (x86_64-unknown-linux-gnu)
	compiled by GNU C version 12.2.0, GMP version 6.2.1, MPFR version 4.2.0, MPC version 1.3.1, isl version isl-0.20-GMP

GGC heuristics: --param ggc-min-expand=100 --param ggc-min-heapsize=131072
ignoring duplicate directory "/nix/store/0izdfh3zxrj68mbwbhzqycb1g3darad6-gcc-arm-embedded-12.2.rel1/include"
ignoring duplicate directory "/nix/store/zrkjwsk3jw5bblcw8yz559qw5j7rbqdb-libopencm3-0.1.0/include"
ignoring nonexistent directory "/nix/store/b7hvml0m3qmqraz1022fwvyyg6fc1vdy-gcc-12.2.0/lib/gcc/x86_64-unknown-linux-gnu/12.2.0/../../../../x86_64-unknown-linux-gnu/include"
ignoring duplicate directory "/nix/store/hkj250rjsvxcbr31fr1v81cv88cdfp4l-glibc-2.37-8-dev/include"
ignoring duplicate directory "/nix/store/b7hvml0m3qmqraz1022fwvyyg6fc1vdy-gcc-12.2.0/lib/gcc/x86_64-unknown-linux-gnu/12.2.0/include-fixed"
#include "..." search starts here:
#include <...> search starts here:
 /nix/store/0izdfh3zxrj68mbwbhzqycb1g3darad6-gcc-arm-embedded-12.2.rel1/include
 /nix/store/zrkjwsk3jw5bblcw8yz559qw5j7rbqdb-libopencm3-0.1.0/include
 /nix/store/b7hvml0m3qmqraz1022fwvyyg6fc1vdy-gcc-12.2.0/lib/gcc/x86_64-unknown-linux-gnu/12.2.0/../../../../include/c++/12.2.0
 /nix/store/b7hvml0m3qmqraz1022fwvyyg6fc1vdy-gcc-12.2.0/lib/gcc/x86_64-unknown-linux-gnu/12.2.0/../../../../include/c++/12.2.0/x86_64-unknown-linux-gnu
 /nix/store/b7hvml0m3qmqraz1022fwvyyg6fc1vdy-gcc-12.2.0/lib/gcc/x86_64-unknown-linux-gnu/12.2.0/../../../../include/c++/12.2.0/backward
 /nix/store/b7hvml0m3qmqraz1022fwvyyg6fc1vdy-gcc-12.2.0/lib/gcc/x86_64-unknown-linux-gnu/12.2.0/include
 /nix/store/b7hvml0m3qmqraz1022fwvyyg6fc1vdy-gcc-12.2.0/include
 /nix/store/b7hvml0m3qmqraz1022fwvyyg6fc1vdy-gcc-12.2.0/lib/gcc/x86_64-unknown-linux-gnu/12.2.0/include-fixed
 /nix/store/hkj250rjsvxcbr31fr1v81cv88cdfp4l-glibc-2.37-8-dev/include
End of search list.
GNU C++17 (GCC) version 12.2.0 (x86_64-unknown-linux-gnu)
	compiled by GNU C version 12.2.0, GMP version 6.2.1, MPFR version 4.2.0, MPC version 1.3.1, isl version isl-0.20-GMP

GGC heuristics: --param ggc-min-expand=100 --param ggc-min-heapsize=131072
Compiler executable checksum: b5d135a50d0567160372845759f40386
COLLECT_GCC_OPTIONS='-fPIC' '-Wformat=1' '-Wformat-security' '-Werror=format-security' '-fstack-protector-strong' '--param=ssp-buffer-size=4' '-O2' '-U' '_FORTIFY_SOURCE' '-D' '_FORTIFY_SOURCE=2' '-fno-strict-overflow' '-v' '-o' 'CMakeFiles/cmTC_10b30.dir/CMakeCXXCompilerABI.cpp.o' '-c' '-B' '/nix/store/46m4xx889wlhsdj72j38fnlyyvvvvbyb-glibc-2.37-8/lib/' '-idirafter' '/nix/store/hkj250rjsvxcbr31fr1v81cv88cdfp4l-glibc-2.37-8-dev/include' '-idirafter' '/nix/store/b7hvml0m3qmqraz1022fwvyyg6fc1vdy-gcc-12.2.0/lib/gcc/x86_64-unknown-linux-gnu/12.2.0/include-fixed' '-B' '/nix/store/843dqq10jdkalr2yazaz6drx334visrb-gcc-12.2.0-lib/lib' '-B' '/nix/store/lcf37pgp3rgww67v9x2990hbfwx96c1w-gcc-wrapper-12.2.0/bin/' '-frandom-seed=q2l9z405f4' '-isystem' '/nix/store/0izdfh3zxrj68mbwbhzqycb1g3darad6-gcc-arm-embedded-12.2.rel1/include' '-isystem' '/nix/store/zrkjwsk3jw5bblcw8yz559qw5j7rbqdb-libopencm3-0.1.0/include' '-isystem' '/nix/store/0izdfh3zxrj68mbwbhzqycb1g3darad6-gcc-arm-embedded-12.2.rel1/include' '-isystem' '/nix/store/zrkjwsk3jw5bblcw8yz559qw5j7rbqdb-libopencm3-0.1.0/include' '-shared-libgcc' '-mtune=generic' '-march=x86-64' '-dumpdir' 'CMakeFiles/cmTC_10b30.dir/'
 /nix/store/lcf37pgp3rgww67v9x2990hbfwx96c1w-gcc-wrapper-12.2.0/bin/as -v --64 -o CMakeFiles/cmTC_10b30.dir/CMakeCXXCompilerABI.cpp.o /tmp/nix-shell.DXiV5K/ccSGMxjG.s
GNU assembler version 2.40 (x86_64-unknown-linux-gnu) using BFD version (GNU Binutils) 2.40
COMPILER_PATH=/nix/store/46m4xx889wlhsdj72j38fnlyyvvvvbyb-glibc-2.37-8/lib/:/nix/store/843dqq10jdkalr2yazaz6drx334visrb-gcc-12.2.0-lib/lib/:/nix/store/lcf37pgp3rgww67v9x2990hbfwx96c1w-gcc-wrapper-12.2.0/bin/:/nix/store/b7hvml0m3qmqraz1022fwvyyg6fc1vdy-gcc-12.2.0/libexec/gcc/x86_64-unknown-linux-gnu/12.2.0/:/nix/store/b7hvml0m3qmqraz1022fwvyyg6fc1vdy-gcc-12.2.0/libexec/gcc/x86_64-unknown-linux-gnu/12.2.0/:/nix/store/b7hvml0m3qmqraz1022fwvyyg6fc1vdy-gcc-12.2.0/libexec/gcc/x86_64-unknown-linux-gnu/:/nix/store/b7hvml0m3qmqraz1022fwvyyg6fc1vdy-gcc-12.2.0/lib/gcc/x86_64-unknown-linux-gnu/12.2.0/:/nix/store/b7hvml0m3qmqraz1022fwvyyg6fc1vdy-gcc-12.2.0/lib/gcc/x86_64-unknown-linux-gnu/
LIBRARY_PATH=/nix/store/46m4xx889wlhsdj72j38fnlyyvvvvbyb-glibc-2.37-8/lib/:/nix/store/843dqq10jdkalr2yazaz6drx334visrb-gcc-12.2.0-lib/lib/:/nix/store/lcf37pgp3rgww67v9x2990hbfwx96c1w-gcc-wrapper-12.2.0/bin/:/nix/store/b7hvml0m3qmqraz1022fwvyyg6fc1vdy-gcc-12.2.0/lib/gcc/x86_64-unknown-linux-gnu/12.2.0/:/nix/store/b7hvml0m3qmqraz1022fwvyyg6fc1vdy-gcc-12.2.0/lib/gcc/x86_64-unknown-linux-gnu/12.2.0/../../../../lib64/:/nix/store/b7hvml0m3qmqraz1022fwvyyg6fc1vdy-gcc-12.2.0/lib/gcc/x86_64-unknown-linux-gnu/12.2.0/../../../
COLLECT_GCC_OPTIONS='-fPIC' '-Wformat=1' '-Wformat-security' '-Werror=format-security' '-fstack-protector-strong' '--param=ssp-buffer-size=4' '-O2' '-U' '_FORTIFY_SOURCE' '-D' '_FORTIFY_SOURCE=2' '-fno-strict-overflow' '-v' '-o' 'CMakeFiles/cmTC_10b30.dir/CMakeCXXCompilerABI.cpp.o' '-c' '-B' '/nix/store/46m4xx889wlhsdj72j38fnlyyvvvvbyb-glibc-2.37-8/lib/' '-idirafter' '/nix/store/hkj250rjsvxcbr31fr1v81cv88cdfp4l-glibc-2.37-8-dev/include' '-idirafter' '/nix/store/b7hvml0m3qmqraz1022fwvyyg6fc1vdy-gcc-12.2.0/lib/gcc/x86_64-unknown-linux-gnu/12.2.0/include-fixed' '-B' '/nix/store/843dqq10jdkalr2yazaz6drx334visrb-gcc-12.2.0-lib/lib' '-B' '/nix/store/lcf37pgp3rgww67v9x2990hbfwx96c1w-gcc-wrapper-12.2.0/bin/' '-frandom-seed=q2l9z405f4' '-isystem' '/nix/store/0izdfh3zxrj68mbwbhzqycb1g3darad6-gcc-arm-embedded-12.2.rel1/include' '-isystem' '/nix/store/zrkjwsk3jw5bblcw8yz559qw5j7rbqdb-libopencm3-0.1.0/include' '-isystem' '/nix/store/0izdfh3zxrj68mbwbhzqycb1g3darad6-gcc-arm-embedded-12.2.rel1/include' '-isystem' '/nix/store/zrkjwsk3jw5bblcw8yz559qw5j7rbqdb-libopencm3-0.1.0/include' '-shared-libgcc' '-mtune=generic' '-march=x86-64' '-dumpdir' 'CMakeFiles/cmTC_10b30.dir/CMakeCXXCompilerABI.cpp.'
Linking CXX executable cmTC_10b30
/nix/store/0s8gvg6nh3d3cbby1hjf69jfb2xdvbvp-cmake-3.25.3/bin/cmake -E cmake_link_script CMakeFiles/cmTC_10b30.dir/link.txt --verbose=1
/nix/store/lcf37pgp3rgww67v9x2990hbfwx96c1w-gcc-wrapper-12.2.0/bin/g++  -v CMakeFiles/cmTC_10b30.dir/CMakeCXXCompilerABI.cpp.o -o cmTC_10b30 
Using built-in specs.
COLLECT_GCC=/nix/store/b7hvml0m3qmqraz1022fwvyyg6fc1vdy-gcc-12.2.0/bin/g++
COLLECT_LTO_WRAPPER=/nix/store/b7hvml0m3qmqraz1022fwvyyg6fc1vdy-gcc-12.2.0/libexec/gcc/x86_64-unknown-linux-gnu/12.2.0/lto-wrapper
Target: x86_64-unknown-linux-gnu
Configured with: 
Thread model: posix
Supported LTO compression algorithms: zlib
gcc version 12.2.0 (GCC) 
COMPILER_PATH=/nix/store/46m4xx889wlhsdj72j38fnlyyvvvvbyb-glibc-2.37-8/lib/:/nix/store/843dqq10jdkalr2yazaz6drx334visrb-gcc-12.2.0-lib/lib/:/nix/store/lcf37pgp3rgww67v9x2990hbfwx96c1w-gcc-wrapper-12.2.0/bin/:/nix/store/b7hvml0m3qmqraz1022fwvyyg6fc1vdy-gcc-12.2.0/libexec/gcc/x86_64-unknown-linux-gnu/12.2.0/:/nix/store/b7hvml0m3qmqraz1022fwvyyg6fc1vdy-gcc-12.2.0/libexec/gcc/x86_64-unknown-linux-gnu/12.2.0/:/nix/store/b7hvml0m3qmqraz1022fwvyyg6fc1vdy-gcc-12.2.0/libexec/gcc/x86_64-unknown-linux-gnu/:/nix/store/b7hvml0m3qmqraz1022fwvyyg6fc1vdy-gcc-12.2.0/lib/gcc/x86_64-unknown-linux-gnu/12.2.0/:/nix/store/b7hvml0m3qmqraz1022fwvyyg6fc1vdy-gcc-12.2.0/lib/gcc/x86_64-unknown-linux-gnu/
LIBRARY_PATH=/nix/store/46m4xx889wlhsdj72j38fnlyyvvvvbyb-glibc-2.37-8/lib/:/nix/store/843dqq10jdkalr2yazaz6drx334visrb-gcc-12.2.0-lib/lib/:/nix/store/lcf37pgp3rgww67v9x2990hbfwx96c1w-gcc-wrapper-12.2.0/bin/:/nix/store/b7hvml0m3qmqraz1022fwvyyg6fc1vdy-gcc-12.2.0/lib/gcc/x86_64-unknown-linux-gnu/12.2.0/:/nix/store/b7hvml0m3qmqraz1022fwvyyg6fc1vdy-gcc-12.2.0/lib/gcc/x86_64-unknown-linux-gnu/12.2.0/../../../../lib64/:/nix/store/b7hvml0m3qmqraz1022fwvyyg6fc1vdy-gcc-12.2.0/lib/gcc/x86_64-unknown-linux-gnu/12.2.0/../../../
COLLECT_GCC_OPTIONS='-fPIC' '-Wformat=1' '-Wformat-security' '-Werror=format-security' '-fstack-protector-strong' '--param=ssp-buffer-size=4' '-O2' '-U' '_FORTIFY_SOURCE' '-D' '_FORTIFY_SOURCE=2' '-fno-strict-overflow' '-v' '-o' 'cmTC_10b30' '-B' '/nix/store/46m4xx889wlhsdj72j38fnlyyvvvvbyb-glibc-2.37-8/lib/' '-idirafter' '/nix/store/hkj250rjsvxcbr31fr1v81cv88cdfp4l-glibc-2.37-8-dev/include' '-idirafter' '/nix/store/b7hvml0m3qmqraz1022fwvyyg6fc1vdy-gcc-12.2.0/lib/gcc/x86_64-unknown-linux-gnu/12.2.0/include-fixed' '-B' '/nix/store/843dqq10jdkalr2yazaz6drx334visrb-gcc-12.2.0-lib/lib' '-B' '/nix/store/lcf37pgp3rgww67v9x2990hbfwx96c1w-gcc-wrapper-12.2.0/bin/' '-frandom-seed=q2l9z405f4' '-isystem' '/nix/store/0izdfh3zxrj68mbwbhzqycb1g3darad6-gcc-arm-embedded-12.2.rel1/include' '-isystem' '/nix/store/zrkjwsk3jw5bblcw8yz559qw5j7rbqdb-libopencm3-0.1.0/include' '-isystem' '/nix/store/0izdfh3zxrj68mbwbhzqycb1g3darad6-gcc-arm-embedded-12.2.rel1/include' '-isystem' '/nix/store/zrkjwsk3jw5bblcw8yz559qw5j7rbqdb-libopencm3-0.1.0/include' '-L/nix/store/zrkjwsk3jw5bblcw8yz559qw5j7rbqdb-libopencm3-0.1.0/lib' '-L/nix/store/zrkjwsk3jw5bblcw8yz559qw5j7rbqdb-libopencm3-0.1.0/lib' '-L/nix/store/46m4xx889wlhsdj72j38fnlyyvvvvbyb-glibc-2.37-8/lib' '-L/nix/store/b7hvml0m3qmqraz1022fwvyyg6fc1vdy-gcc-12.2.0/lib/gcc/x86_64-unknown-linux-gnu/12.2.0' '-L/nix/store/843dqq10jdkalr2yazaz6drx334visrb-gcc-12.2.0-lib/x86_64-unknown-linux-gnu/lib' '-L/nix/store/843dqq10jdkalr2yazaz6drx334visrb-gcc-12.2.0-lib/lib' '-shared-libgcc' '-mtune=generic' '-march=x86-64' '-dumpdir' 'cmTC_10b30.'
 /nix/store/b7hvml0m3qmqraz1022fwvyyg6fc1vdy-gcc-12.2.0/libexec/gcc/x86_64-unknown-linux-gnu/12.2.0/collect2 -plugin /nix/store/b7hvml0m3qmqraz1022fwvyyg6fc1vdy-gcc-12.2.0/libexec/gcc/x86_64-unknown-linux-gnu/12.2.0/liblto_plugin.so -plugin-opt=/nix/store/b7hvml0m3qmqraz1022fwvyyg6fc1vdy-gcc-12.2.0/libexec/gcc/x86_64-unknown-linux-gnu/12.2.0/lto-wrapper -plugin-opt=-fresolution=/tmp/nix-shell.DXiV5K/ccsld5wE.res -plugin-opt=-pass-through=-lgcc_s -plugin-opt=-pass-through=-lgcc -plugin-opt=-pass-through=-lc -plugin-opt=-pass-through=-lgcc_s -plugin-opt=-pass-through=-lgcc --eh-frame-hdr -m elf_x86_64 -dynamic-linker /nix/store/46m4xx889wlhsdj72j38fnlyyvvvvbyb-glibc-2.37-8/lib64/ld-linux-x86-64.so.2 -o cmTC_10b30 /nix/store/46m4xx889wlhsdj72j38fnlyyvvvvbyb-glibc-2.37-8/lib/crt1.o /nix/store/46m4xx889wlhsdj72j38fnlyyvvvvbyb-glibc-2.37-8/lib/crti.o /nix/store/b7hvml0m3qmqraz1022fwvyyg6fc1vdy-gcc-12.2.0/lib/gcc/x86_64-unknown-linux-gnu/12.2.0/crtbegin.o -L/nix/store/zrkjwsk3jw5bblcw8yz559qw5j7rbqdb-libopencm3-0.1.0/lib -L/nix/store/zrkjwsk3jw5bblcw8yz559qw5j7rbqdb-libopencm3-0.1.0/lib -L/nix/store/46m4xx889wlhsdj72j38fnlyyvvvvbyb-glibc-2.37-8/lib -L/nix/store/b7hvml0m3qmqraz1022fwvyyg6fc1vdy-gcc-12.2.0/lib/gcc/x86_64-unknown-linux-gnu/12.2.0 -L/nix/store/843dqq10jdkalr2yazaz6drx334visrb-gcc-12.2.0-lib/x86_64-unknown-linux-gnu/lib -L/nix/store/843dqq10jdkalr2yazaz6drx334visrb-gcc-12.2.0-lib/lib -L/nix/store/46m4xx889wlhsdj72j38fnlyyvvvvbyb-glibc-2.37-8/lib -L/nix/store/843dqq10jdkalr2yazaz6drx334visrb-gcc-12.2.0-lib/lib -L/nix/store/lcf37pgp3rgww67v9x2990hbfwx96c1w-gcc-wrapper-12.2.0/bin -L/nix/store/b7hvml0m3qmqraz1022fwvyyg6fc1vdy-gcc-12.2.0/lib/gcc/x86_64-unknown-linux-gnu/12.2.0 -L/nix/store/b7hvml0m3qmqraz1022fwvyyg6fc1vdy-gcc-12.2.0/lib/gcc/x86_64-unknown-linux-gnu/12.2.0/../../../../lib64 -L/nix/store/b7hvml0m3qmqraz1022fwvyyg6fc1vdy-gcc-12.2.0/lib/gcc/x86_64-unknown-linux-gnu/12.2.0/../../.. -dynamic-linker=/nix/store/46m4xx889wlhsdj72j38fnlyyvvvvbyb-glibc-2.37-8/lib/ld-linux-x86-64.so.2 CMakeFiles/cmTC_10b30.dir/CMakeCXXCompilerABI.cpp.o -rpath /home/ben/hytech/libopencm3_cmake/outputs/out/lib64 -rpath /home/ben/hytech/libopencm3_cmake/outputs/out/lib -lstdc++ -lm -lgcc_s -lgcc -lc -lgcc_s -lgcc /nix/store/b7hvml0m3qmqraz1022fwvyyg6fc1vdy-gcc-12.2.0/lib/gcc/x86_64-unknown-linux-gnu/12.2.0/crtend.o /nix/store/46m4xx889wlhsdj72j38fnlyyvvvvbyb-glibc-2.37-8/lib/crtn.o
COLLECT_GCC_OPTIONS='-fPIC' '-Wformat=1' '-Wformat-security' '-Werror=format-security' '-fstack-protector-strong' '--param=ssp-buffer-size=4' '-O2' '-U' '_FORTIFY_SOURCE' '-D' '_FORTIFY_SOURCE=2' '-fno-strict-overflow' '-v' '-o' 'cmTC_10b30' '-B' '/nix/store/46m4xx889wlhsdj72j38fnlyyvvvvbyb-glibc-2.37-8/lib/' '-idirafter' '/nix/store/hkj250rjsvxcbr31fr1v81cv88cdfp4l-glibc-2.37-8-dev/include' '-idirafter' '/nix/store/b7hvml0m3qmqraz1022fwvyyg6fc1vdy-gcc-12.2.0/lib/gcc/x86_64-unknown-linux-gnu/12.2.0/include-fixed' '-B' '/nix/store/843dqq10jdkalr2yazaz6drx334visrb-gcc-12.2.0-lib/lib' '-B' '/nix/store/lcf37pgp3rgww67v9x2990hbfwx96c1w-gcc-wrapper-12.2.0/bin/' '-frandom-seed=q2l9z405f4' '-isystem' '/nix/store/0izdfh3zxrj68mbwbhzqycb1g3darad6-gcc-arm-embedded-12.2.rel1/include' '-isystem' '/nix/store/zrkjwsk3jw5bblcw8yz559qw5j7rbqdb-libopencm3-0.1.0/include' '-isystem' '/nix/store/0izdfh3zxrj68mbwbhzqycb1g3darad6-gcc-arm-embedded-12.2.rel1/include' '-isystem' '/nix/store/zrkjwsk3jw5bblcw8yz559qw5j7rbqdb-libopencm3-0.1.0/include' '-L/nix/store/zrkjwsk3jw5bblcw8yz559qw5j7rbqdb-libopencm3-0.1.0/lib' '-L/nix/store/zrkjwsk3jw5bblcw8yz559qw5j7rbqdb-libopencm3-0.1.0/lib' '-L/nix/store/46m4xx889wlhsdj72j38fnlyyvvvvbyb-glibc-2.37-8/lib' '-L/nix/store/b7hvml0m3qmqraz1022fwvyyg6fc1vdy-gcc-12.2.0/lib/gcc/x86_64-unknown-linux-gnu/12.2.0' '-L/nix/store/843dqq10jdkalr2yazaz6drx334visrb-gcc-12.2.0-lib/x86_64-unknown-linux-gnu/lib' '-L/nix/store/843dqq10jdkalr2yazaz6drx334visrb-gcc-12.2.0-lib/lib' '-shared-libgcc' '-mtune=generic' '-march=x86-64' '-dumpdir' 'cmTC_10b30.'
make[1]: Leaving directory '/home/ben/hytech/libopencm3_cmake/build/CMakeFiles/CMakeScratch/TryCompile-bLzq3o'



Parsed CXX implicit include dir info from above output: rv=done
  found start of include info
  found start of implicit include info
    add: [/nix/store/0izdfh3zxrj68mbwbhzqycb1g3darad6-gcc-arm-embedded-12.2.rel1/include]
    add: [/nix/store/zrkjwsk3jw5bblcw8yz559qw5j7rbqdb-libopencm3-0.1.0/include]
    add: [/nix/store/b7hvml0m3qmqraz1022fwvyyg6fc1vdy-gcc-12.2.0/lib/gcc/x86_64-unknown-linux-gnu/12.2.0/../../../../include/c++/12.2.0]
    add: [/nix/store/b7hvml0m3qmqraz1022fwvyyg6fc1vdy-gcc-12.2.0/lib/gcc/x86_64-unknown-linux-gnu/12.2.0/../../../../include/c++/12.2.0/x86_64-unknown-linux-gnu]
    add: [/nix/store/b7hvml0m3qmqraz1022fwvyyg6fc1vdy-gcc-12.2.0/lib/gcc/x86_64-unknown-linux-gnu/12.2.0/../../../../include/c++/12.2.0/backward]
    add: [/nix/store/b7hvml0m3qmqraz1022fwvyyg6fc1vdy-gcc-12.2.0/lib/gcc/x86_64-unknown-linux-gnu/12.2.0/include]
    add: [/nix/store/b7hvml0m3qmqraz1022fwvyyg6fc1vdy-gcc-12.2.0/include]
    add: [/nix/store/b7hvml0m3qmqraz1022fwvyyg6fc1vdy-gcc-12.2.0/lib/gcc/x86_64-unknown-linux-gnu/12.2.0/include-fixed]
    add: [/nix/store/hkj250rjsvxcbr31fr1v81cv88cdfp4l-glibc-2.37-8-dev/include]
  end of search list found
  collapse include dir [/nix/store/0izdfh3zxrj68mbwbhzqycb1g3darad6-gcc-arm-embedded-12.2.rel1/include] ==> [/nix/store/0izdfh3zxrj68mbwbhzqycb1g3darad6-gcc-arm-embedded-12.2.rel1/include]
  collapse include dir [/nix/store/zrkjwsk3jw5bblcw8yz559qw5j7rbqdb-libopencm3-0.1.0/include] ==> [/nix/store/zrkjwsk3jw5bblcw8yz559qw5j7rbqdb-libopencm3-0.1.0/include]
  collapse include dir [/nix/store/b7hvml0m3qmqraz1022fwvyyg6fc1vdy-gcc-12.2.0/lib/gcc/x86_64-unknown-linux-gnu/12.2.0/../../../../include/c++/12.2.0] ==> [/nix/store/b7hvml0m3qmqraz1022fwvyyg6fc1vdy-gcc-12.2.0/include/c++/12.2.0]
  collapse include dir [/nix/store/b7hvml0m3qmqraz1022fwvyyg6fc1vdy-gcc-12.2.0/lib/gcc/x86_64-unknown-linux-gnu/12.2.0/../../../../include/c++/12.2.0/x86_64-unknown-linux-gnu] ==> [/nix/store/b7hvml0m3qmqraz1022fwvyyg6fc1vdy-gcc-12.2.0/include/c++/12.2.0/x86_64-unknown-linux-gnu]
  collapse include dir [/nix/store/b7hvml0m3qmqraz1022fwvyyg6fc1vdy-gcc-12.2.0/lib/gcc/x86_64-unknown-linux-gnu/12.2.0/../../../../include/c++/12.2.0/backward] ==> [/nix/store/b7hvml0m3qmqraz1022fwvyyg6fc1vdy-gcc-12.2.0/include/c++/12.2.0/backward]
  collapse include dir [/nix/store/b7hvml0m3qmqraz1022fwvyyg6fc1vdy-gcc-12.2.0/lib/gcc/x86_64-unknown-linux-gnu/12.2.0/include] ==> [/nix/store/b7hvml0m3qmqraz1022fwvyyg6fc1vdy-gcc-12.2.0/lib/gcc/x86_64-unknown-linux-gnu/12.2.0/include]
  collapse include dir [/nix/store/b7hvml0m3qmqraz1022fwvyyg6fc1vdy-gcc-12.2.0/include] ==> [/nix/store/b7hvml0m3qmqraz1022fwvyyg6fc1vdy-gcc-12.2.0/include]
  collapse include dir [/nix/store/b7hvml0m3qmqraz1022fwvyyg6fc1vdy-gcc-12.2.0/lib/gcc/x86_64-unknown-linux-gnu/12.2.0/include-fixed] ==> [/nix/store/b7hvml0m3qmqraz1022fwvyyg6fc1vdy-gcc-12.2.0/lib/gcc/x86_64-unknown-linux-gnu/12.2.0/include-fixed]
  collapse include dir [/nix/store/hkj250rjsvxcbr31fr1v81cv88cdfp4l-glibc-2.37-8-dev/include] ==> [/nix/store/hkj250rjsvxcbr31fr1v81cv88cdfp4l-glibc-2.37-8-dev/include]
  implicit include dirs: [/nix/store/0izdfh3zxrj68mbwbhzqycb1g3darad6-gcc-arm-embedded-12.2.rel1/include;/nix/store/zrkjwsk3jw5bblcw8yz559qw5j7rbqdb-libopencm3-0.1.0/include;/nix/store/b7hvml0m3qmqraz1022fwvyyg6fc1vdy-gcc-12.2.0/include/c++/12.2.0;/nix/store/b7hvml0m3qmqraz1022fwvyyg6fc1vdy-gcc-12.2.0/include/c++/12.2.0/x86_64-unknown-linux-gnu;/nix/store/b7hvml0m3qmqraz1022fwvyyg6fc1vdy-gcc-12.2.0/include/c++/12.2.0/backward;/nix/store/b7hvml0m3qmqraz1022fwvyyg6fc1vdy-gcc-12.2.0/lib/gcc/x86_64-unknown-linux-gnu/12.2.0/include;/nix/store/b7hvml0m3qmqraz1022fwvyyg6fc1vdy-gcc-12.2.0/include;/nix/store/b7hvml0m3qmqraz1022fwvyyg6fc1vdy-gcc-12.2.0/lib/gcc/x86_64-unknown-linux-gnu/12.2.0/include-fixed;/nix/store/hkj250rjsvxcbr31fr1v81cv88cdfp4l-glibc-2.37-8-dev/include]


Parsed CXX implicit link information from above output:
  link line regex: [^( *|.*[/\])(ld|CMAKE_LINK_STARTFILE-NOTFOUND|([^/\]+-)?ld|collect2)[^/\]*( |$)]
  ignore line: [Change Dir: /home/ben/hytech/libopencm3_cmake/build/CMakeFiles/CMakeScratch/TryCompile-bLzq3o]
  ignore line: []
  ignore line: [Run Build Command(s):/nix/store/ik9ibmq0rbznwyj6472lv2ab0c397lhy-gnumake-4.4.1/bin/make -f Makefile cmTC_10b30/fast && /nix/store/ik9ibmq0rbznwyj6472lv2ab0c397lhy-gnumake-4.4.1/bin/make  -f CMakeFiles/cmTC_10b30.dir/build.make CMakeFiles/cmTC_10b30.dir/build]
  ignore line: [make[1]: Entering directory '/home/ben/hytech/libopencm3_cmake/build/CMakeFiles/CMakeScratch/TryCompile-bLzq3o']
  ignore line: [Building CXX object CMakeFiles/cmTC_10b30.dir/CMakeCXXCompilerABI.cpp.o]
  ignore line: [/nix/store/lcf37pgp3rgww67v9x2990hbfwx96c1w-gcc-wrapper-12.2.0/bin/g++   -v -o CMakeFiles/cmTC_10b30.dir/CMakeCXXCompilerABI.cpp.o -c /nix/store/0s8gvg6nh3d3cbby1hjf69jfb2xdvbvp-cmake-3.25.3/share/cmake-3.25/Modules/CMakeCXXCompilerABI.cpp]
  ignore line: [Using built-in specs.]
  ignore line: [COLLECT_GCC=/nix/store/b7hvml0m3qmqraz1022fwvyyg6fc1vdy-gcc-12.2.0/bin/g++]
  ignore line: [Target: x86_64-unknown-linux-gnu]
  ignore line: [Configured with: ]
  ignore line: [Thread model: posix]
  ignore line: [Supported LTO compression algorithms: zlib]
  ignore line: [gcc version 12.2.0 (GCC) ]
  ignore line: [COLLECT_GCC_OPTIONS='-fPIC' '-Wformat=1' '-Wformat-security' '-Werror=format-security' '-fstack-protector-strong' '--param=ssp-buffer-size=4' '-O2' '-U' '_FORTIFY_SOURCE' '-D' '_FORTIFY_SOURCE=2' '-fno-strict-overflow' '-v' '-o' 'CMakeFiles/cmTC_10b30.dir/CMakeCXXCompilerABI.cpp.o' '-c' '-B' '/nix/store/46m4xx889wlhsdj72j38fnlyyvvvvbyb-glibc-2.37-8/lib/' '-idirafter' '/nix/store/hkj250rjsvxcbr31fr1v81cv88cdfp4l-glibc-2.37-8-dev/include' '-idirafter' '/nix/store/b7hvml0m3qmqraz1022fwvyyg6fc1vdy-gcc-12.2.0/lib/gcc/x86_64-unknown-linux-gnu/12.2.0/include-fixed' '-B' '/nix/store/843dqq10jdkalr2yazaz6drx334visrb-gcc-12.2.0-lib/lib' '-B' '/nix/store/lcf37pgp3rgww67v9x2990hbfwx96c1w-gcc-wrapper-12.2.0/bin/' '-frandom-seed=q2l9z405f4' '-isystem' '/nix/store/0izdfh3zxrj68mbwbhzqycb1g3darad6-gcc-arm-embedded-12.2.rel1/include' '-isystem' '/nix/store/zrkjwsk3jw5bblcw8yz559qw5j7rbqdb-libopencm3-0.1.0/include' '-isystem' '/nix/store/0izdfh3zxrj68mbwbhzqycb1g3darad6-gcc-arm-embedded-12.2.rel1/include' '-isystem' '/nix/store/zrkjwsk3jw5bblcw8yz559qw5j7rbqdb-libopencm3-0.1.0/include' '-shared-libgcc' '-mtune=generic' '-march=x86-64' '-dumpdir' 'CMakeFiles/cmTC_10b30.dir/']
  ignore line: [ /nix/store/b7hvml0m3qmqraz1022fwvyyg6fc1vdy-gcc-12.2.0/libexec/gcc/x86_64-unknown-linux-gnu/12.2.0/cc1plus -quiet -v -D_GNU_SOURCE -U _FORTIFY_SOURCE -D _FORTIFY_SOURCE=2 -idirafter /nix/store/hkj250rjsvxcbr31fr1v81cv88cdfp4l-glibc-2.37-8-dev/include -idirafter /nix/store/b7hvml0m3qmqraz1022fwvyyg6fc1vdy-gcc-12.2.0/lib/gcc/x86_64-unknown-linux-gnu/12.2.0/include-fixed -isystem /nix/store/0izdfh3zxrj68mbwbhzqycb1g3darad6-gcc-arm-embedded-12.2.rel1/include -isystem /nix/store/zrkjwsk3jw5bblcw8yz559qw5j7rbqdb-libopencm3-0.1.0/include -isystem /nix/store/0izdfh3zxrj68mbwbhzqycb1g3darad6-gcc-arm-embedded-12.2.rel1/include -isystem /nix/store/zrkjwsk3jw5bblcw8yz559qw5j7rbqdb-libopencm3-0.1.0/include /nix/store/0s8gvg6nh3d3cbby1hjf69jfb2xdvbvp-cmake-3.25.3/share/cmake-3.25/Modules/CMakeCXXCompilerABI.cpp -quiet -dumpdir CMakeFiles/cmTC_10b30.dir/ -dumpbase CMakeCXXCompilerABI.cpp.cpp -dumpbase-ext .cpp -mtune=generic -march=x86-64 -O2 -Wformat=1 -Wformat-security -Werror=format-security -version -fPIC -fstack-protector-strong -fno-strict-overflow -frandom-seed=q2l9z405f4 --param=ssp-buffer-size=4 -o /tmp/nix-shell.DXiV5K/ccSGMxjG.s]
  ignore line: [GNU C++17 (GCC) version 12.2.0 (x86_64-unknown-linux-gnu)]
  ignore line: [	compiled by GNU C version 12.2.0  GMP version 6.2.1  MPFR version 4.2.0  MPC version 1.3.1  isl version isl-0.20-GMP]
  ignore line: []
  ignore line: [GGC heuristics: --param ggc-min-expand=100 --param ggc-min-heapsize=131072]
  ignore line: [ignoring duplicate directory "/nix/store/0izdfh3zxrj68mbwbhzqycb1g3darad6-gcc-arm-embedded-12.2.rel1/include"]
  ignore line: [ignoring duplicate directory "/nix/store/zrkjwsk3jw5bblcw8yz559qw5j7rbqdb-libopencm3-0.1.0/include"]
  ignore line: [ignoring nonexistent directory "/nix/store/b7hvml0m3qmqraz1022fwvyyg6fc1vdy-gcc-12.2.0/lib/gcc/x86_64-unknown-linux-gnu/12.2.0/../../../../x86_64-unknown-linux-gnu/include"]
  ignore line: [ignoring duplicate directory "/nix/store/hkj250rjsvxcbr31fr1v81cv88cdfp4l-glibc-2.37-8-dev/include"]
  ignore line: [ignoring duplicate directory "/nix/store/b7hvml0m3qmqraz1022fwvyyg6fc1vdy-gcc-12.2.0/lib/gcc/x86_64-unknown-linux-gnu/12.2.0/include-fixed"]
  ignore line: [#include "..." search starts here:]
  ignore line: [#include <...> search starts here:]
  ignore line: [ /nix/store/0izdfh3zxrj68mbwbhzqycb1g3darad6-gcc-arm-embedded-12.2.rel1/include]
  ignore line: [ /nix/store/zrkjwsk3jw5bblcw8yz559qw5j7rbqdb-libopencm3-0.1.0/include]
  ignore line: [ /nix/store/b7hvml0m3qmqraz1022fwvyyg6fc1vdy-gcc-12.2.0/lib/gcc/x86_64-unknown-linux-gnu/12.2.0/../../../../include/c++/12.2.0]
  ignore line: [ /nix/store/b7hvml0m3qmqraz1022fwvyyg6fc1vdy-gcc-12.2.0/lib/gcc/x86_64-unknown-linux-gnu/12.2.0/../../../../include/c++/12.2.0/x86_64-unknown-linux-gnu]
  ignore line: [ /nix/store/b7hvml0m3qmqraz1022fwvyyg6fc1vdy-gcc-12.2.0/lib/gcc/x86_64-unknown-linux-gnu/12.2.0/../../../../include/c++/12.2.0/backward]
  ignore line: [ /nix/store/b7hvml0m3qmqraz1022fwvyyg6fc1vdy-gcc-12.2.0/lib/gcc/x86_64-unknown-linux-gnu/12.2.0/include]
  ignore line: [ /nix/store/b7hvml0m3qmqraz1022fwvyyg6fc1vdy-gcc-12.2.0/include]
  ignore line: [ /nix/store/b7hvml0m3qmqraz1022fwvyyg6fc1vdy-gcc-12.2.0/lib/gcc/x86_64-unknown-linux-gnu/12.2.0/include-fixed]
  ignore line: [ /nix/store/hkj250rjsvxcbr31fr1v81cv88cdfp4l-glibc-2.37-8-dev/include]
  ignore line: [End of search list.]
  ignore line: [GNU C++17 (GCC) version 12.2.0 (x86_64-unknown-linux-gnu)]
  ignore line: [	compiled by GNU C version 12.2.0  GMP version 6.2.1  MPFR version 4.2.0  MPC version 1.3.1  isl version isl-0.20-GMP]
  ignore line: []
  ignore line: [GGC heuristics: --param ggc-min-expand=100 --param ggc-min-heapsize=131072]
  ignore line: [Compiler executable checksum: b5d135a50d0567160372845759f40386]
  ignore line: [COLLECT_GCC_OPTIONS='-fPIC' '-Wformat=1' '-Wformat-security' '-Werror=format-security' '-fstack-protector-strong' '--param=ssp-buffer-size=4' '-O2' '-U' '_FORTIFY_SOURCE' '-D' '_FORTIFY_SOURCE=2' '-fno-strict-overflow' '-v' '-o' 'CMakeFiles/cmTC_10b30.dir/CMakeCXXCompilerABI.cpp.o' '-c' '-B' '/nix/store/46m4xx889wlhsdj72j38fnlyyvvvvbyb-glibc-2.37-8/lib/' '-idirafter' '/nix/store/hkj250rjsvxcbr31fr1v81cv88cdfp4l-glibc-2.37-8-dev/include' '-idirafter' '/nix/store/b7hvml0m3qmqraz1022fwvyyg6fc1vdy-gcc-12.2.0/lib/gcc/x86_64-unknown-linux-gnu/12.2.0/include-fixed' '-B' '/nix/store/843dqq10jdkalr2yazaz6drx334visrb-gcc-12.2.0-lib/lib' '-B' '/nix/store/lcf37pgp3rgww67v9x2990hbfwx96c1w-gcc-wrapper-12.2.0/bin/' '-frandom-seed=q2l9z405f4' '-isystem' '/nix/store/0izdfh3zxrj68mbwbhzqycb1g3darad6-gcc-arm-embedded-12.2.rel1/include' '-isystem' '/nix/store/zrkjwsk3jw5bblcw8yz559qw5j7rbqdb-libopencm3-0.1.0/include' '-isystem' '/nix/store/0izdfh3zxrj68mbwbhzqycb1g3darad6-gcc-arm-embedded-12.2.rel1/include' '-isystem' '/nix/store/zrkjwsk3jw5bblcw8yz559qw5j7rbqdb-libopencm3-0.1.0/include' '-shared-libgcc' '-mtune=generic' '-march=x86-64' '-dumpdir' 'CMakeFiles/cmTC_10b30.dir/']
  ignore line: [ /nix/store/lcf37pgp3rgww67v9x2990hbfwx96c1w-gcc-wrapper-12.2.0/bin/as -v --64 -o CMakeFiles/cmTC_10b30.dir/CMakeCXXCompilerABI.cpp.o /tmp/nix-shell.DXiV5K/ccSGMxjG.s]
  ignore line: [GNU assembler version 2.40 (x86_64-unknown-linux-gnu) using BFD version (GNU Binutils) 2.40]
  ignore line: [COMPILER_PATH=/nix/store/46m4xx889wlhsdj72j38fnlyyvvvvbyb-glibc-2.37-8/lib/:/nix/store/843dqq10jdkalr2yazaz6drx334visrb-gcc-12.2.0-lib/lib/:/nix/store/lcf37pgp3rgww67v9x2990hbfwx96c1w-gcc-wrapper-12.2.0/bin/:/nix/store/b7hvml0m3qmqraz1022fwvyyg6fc1vdy-gcc-12.2.0/libexec/gcc/x86_64-unknown-linux-gnu/12.2.0/:/nix/store/b7hvml0m3qmqraz1022fwvyyg6fc1vdy-gcc-12.2.0/libexec/gcc/x86_64-unknown-linux-gnu/12.2.0/:/nix/store/b7hvml0m3qmqraz1022fwvyyg6fc1vdy-gcc-12.2.0/libexec/gcc/x86_64-unknown-linux-gnu/:/nix/store/b7hvml0m3qmqraz1022fwvyyg6fc1vdy-gcc-12.2.0/lib/gcc/x86_64-unknown-linux-gnu/12.2.0/:/nix/store/b7hvml0m3qmqraz1022fwvyyg6fc1vdy-gcc-12.2.0/lib/gcc/x86_64-unknown-linux-gnu/]
  ignore line: [LIBRARY_PATH=/nix/store/46m4xx889wlhsdj72j38fnlyyvvvvbyb-glibc-2.37-8/lib/:/nix/store/843dqq10jdkalr2yazaz6drx334visrb-gcc-12.2.0-lib/lib/:/nix/store/lcf37pgp3rgww67v9x2990hbfwx96c1w-gcc-wrapper-12.2.0/bin/:/nix/store/b7hvml0m3qmqraz1022fwvyyg6fc1vdy-gcc-12.2.0/lib/gcc/x86_64-unknown-linux-gnu/12.2.0/:/nix/store/b7hvml0m3qmqraz1022fwvyyg6fc1vdy-gcc-12.2.0/lib/gcc/x86_64-unknown-linux-gnu/12.2.0/../../../../lib64/:/nix/store/b7hvml0m3qmqraz1022fwvyyg6fc1vdy-gcc-12.2.0/lib/gcc/x86_64-unknown-linux-gnu/12.2.0/../../../]
  ignore line: [COLLECT_GCC_OPTIONS='-fPIC' '-Wformat=1' '-Wformat-security' '-Werror=format-security' '-fstack-protector-strong' '--param=ssp-buffer-size=4' '-O2' '-U' '_FORTIFY_SOURCE' '-D' '_FORTIFY_SOURCE=2' '-fno-strict-overflow' '-v' '-o' 'CMakeFiles/cmTC_10b30.dir/CMakeCXXCompilerABI.cpp.o' '-c' '-B' '/nix/store/46m4xx889wlhsdj72j38fnlyyvvvvbyb-glibc-2.37-8/lib/' '-idirafter' '/nix/store/hkj250rjsvxcbr31fr1v81cv88cdfp4l-glibc-2.37-8-dev/include' '-idirafter' '/nix/store/b7hvml0m3qmqraz1022fwvyyg6fc1vdy-gcc-12.2.0/lib/gcc/x86_64-unknown-linux-gnu/12.2.0/include-fixed' '-B' '/nix/store/843dqq10jdkalr2yazaz6drx334visrb-gcc-12.2.0-lib/lib' '-B' '/nix/store/lcf37pgp3rgww67v9x2990hbfwx96c1w-gcc-wrapper-12.2.0/bin/' '-frandom-seed=q2l9z405f4' '-isystem' '/nix/store/0izdfh3zxrj68mbwbhzqycb1g3darad6-gcc-arm-embedded-12.2.rel1/include' '-isystem' '/nix/store/zrkjwsk3jw5bblcw8yz559qw5j7rbqdb-libopencm3-0.1.0/include' '-isystem' '/nix/store/0izdfh3zxrj68mbwbhzqycb1g3darad6-gcc-arm-embedded-12.2.rel1/include' '-isystem' '/nix/store/zrkjwsk3jw5bblcw8yz559qw5j7rbqdb-libopencm3-0.1.0/include' '-shared-libgcc' '-mtune=generic' '-march=x86-64' '-dumpdir' 'CMakeFiles/cmTC_10b30.dir/CMakeCXXCompilerABI.cpp.']
  ignore line: [Linking CXX executable cmTC_10b30]
  ignore line: [/nix/store/0s8gvg6nh3d3cbby1hjf69jfb2xdvbvp-cmake-3.25.3/bin/cmake -E cmake_link_script CMakeFiles/cmTC_10b30.dir/link.txt --verbose=1]
  ignore line: [/nix/store/lcf37pgp3rgww67v9x2990hbfwx96c1w-gcc-wrapper-12.2.0/bin/g++  -v CMakeFiles/cmTC_10b30.dir/CMakeCXXCompilerABI.cpp.o -o cmTC_10b30 ]
  ignore line: [Using built-in specs.]
  ignore line: [COLLECT_GCC=/nix/store/b7hvml0m3qmqraz1022fwvyyg6fc1vdy-gcc-12.2.0/bin/g++]
  ignore line: [COLLECT_LTO_WRAPPER=/nix/store/b7hvml0m3qmqraz1022fwvyyg6fc1vdy-gcc-12.2.0/libexec/gcc/x86_64-unknown-linux-gnu/12.2.0/lto-wrapper]
  ignore line: [Target: x86_64-unknown-linux-gnu]
  ignore line: [Configured with: ]
  ignore line: [Thread model: posix]
  ignore line: [Supported LTO compression algorithms: zlib]
  ignore line: [gcc version 12.2.0 (GCC) ]
  ignore line: [COMPILER_PATH=/nix/store/46m4xx889wlhsdj72j38fnlyyvvvvbyb-glibc-2.37-8/lib/:/nix/store/843dqq10jdkalr2yazaz6drx334visrb-gcc-12.2.0-lib/lib/:/nix/store/lcf37pgp3rgww67v9x2990hbfwx96c1w-gcc-wrapper-12.2.0/bin/:/nix/store/b7hvml0m3qmqraz1022fwvyyg6fc1vdy-gcc-12.2.0/libexec/gcc/x86_64-unknown-linux-gnu/12.2.0/:/nix/store/b7hvml0m3qmqraz1022fwvyyg6fc1vdy-gcc-12.2.0/libexec/gcc/x86_64-unknown-linux-gnu/12.2.0/:/nix/store/b7hvml0m3qmqraz1022fwvyyg6fc1vdy-gcc-12.2.0/libexec/gcc/x86_64-unknown-linux-gnu/:/nix/store/b7hvml0m3qmqraz1022fwvyyg6fc1vdy-gcc-12.2.0/lib/gcc/x86_64-unknown-linux-gnu/12.2.0/:/nix/store/b7hvml0m3qmqraz1022fwvyyg6fc1vdy-gcc-12.2.0/lib/gcc/x86_64-unknown-linux-gnu/]
  ignore line: [LIBRARY_PATH=/nix/store/46m4xx889wlhsdj72j38fnlyyvvvvbyb-glibc-2.37-8/lib/:/nix/store/843dqq10jdkalr2yazaz6drx334visrb-gcc-12.2.0-lib/lib/:/nix/store/lcf37pgp3rgww67v9x2990hbfwx96c1w-gcc-wrapper-12.2.0/bin/:/nix/store/b7hvml0m3qmqraz1022fwvyyg6fc1vdy-gcc-12.2.0/lib/gcc/x86_64-unknown-linux-gnu/12.2.0/:/nix/store/b7hvml0m3qmqraz1022fwvyyg6fc1vdy-gcc-12.2.0/lib/gcc/x86_64-unknown-linux-gnu/12.2.0/../../../../lib64/:/nix/store/b7hvml0m3qmqraz1022fwvyyg6fc1vdy-gcc-12.2.0/lib/gcc/x86_64-unknown-linux-gnu/12.2.0/../../../]
  ignore line: [COLLECT_GCC_OPTIONS='-fPIC' '-Wformat=1' '-Wformat-security' '-Werror=format-security' '-fstack-protector-strong' '--param=ssp-buffer-size=4' '-O2' '-U' '_FORTIFY_SOURCE' '-D' '_FORTIFY_SOURCE=2' '-fno-strict-overflow' '-v' '-o' 'cmTC_10b30' '-B' '/nix/store/46m4xx889wlhsdj72j38fnlyyvvvvbyb-glibc-2.37-8/lib/' '-idirafter' '/nix/store/hkj250rjsvxcbr31fr1v81cv88cdfp4l-glibc-2.37-8-dev/include' '-idirafter' '/nix/store/b7hvml0m3qmqraz1022fwvyyg6fc1vdy-gcc-12.2.0/lib/gcc/x86_64-unknown-linux-gnu/12.2.0/include-fixed' '-B' '/nix/store/843dqq10jdkalr2yazaz6drx334visrb-gcc-12.2.0-lib/lib' '-B' '/nix/store/lcf37pgp3rgww67v9x2990hbfwx96c1w-gcc-wrapper-12.2.0/bin/' '-frandom-seed=q2l9z405f4' '-isystem' '/nix/store/0izdfh3zxrj68mbwbhzqycb1g3darad6-gcc-arm-embedded-12.2.rel1/include' '-isystem' '/nix/store/zrkjwsk3jw5bblcw8yz559qw5j7rbqdb-libopencm3-0.1.0/include' '-isystem' '/nix/store/0izdfh3zxrj68mbwbhzqycb1g3darad6-gcc-arm-embedded-12.2.rel1/include' '-isystem' '/nix/store/zrkjwsk3jw5bblcw8yz559qw5j7rbqdb-libopencm3-0.1.0/include' '-L/nix/store/zrkjwsk3jw5bblcw8yz559qw5j7rbqdb-libopencm3-0.1.0/lib' '-L/nix/store/zrkjwsk3jw5bblcw8yz559qw5j7rbqdb-libopencm3-0.1.0/lib' '-L/nix/store/46m4xx889wlhsdj72j38fnlyyvvvvbyb-glibc-2.37-8/lib' '-L/nix/store/b7hvml0m3qmqraz1022fwvyyg6fc1vdy-gcc-12.2.0/lib/gcc/x86_64-unknown-linux-gnu/12.2.0' '-L/nix/store/843dqq10jdkalr2yazaz6drx334visrb-gcc-12.2.0-lib/x86_64-unknown-linux-gnu/lib' '-L/nix/store/843dqq10jdkalr2yazaz6drx334visrb-gcc-12.2.0-lib/lib' '-shared-libgcc' '-mtune=generic' '-march=x86-64' '-dumpdir' 'cmTC_10b30.']
  link line: [ /nix/store/b7hvml0m3qmqraz1022fwvyyg6fc1vdy-gcc-12.2.0/libexec/gcc/x86_64-unknown-linux-gnu/12.2.0/collect2 -plugin /nix/store/b7hvml0m3qmqraz1022fwvyyg6fc1vdy-gcc-12.2.0/libexec/gcc/x86_64-unknown-linux-gnu/12.2.0/liblto_plugin.so -plugin-opt=/nix/store/b7hvml0m3qmqraz1022fwvyyg6fc1vdy-gcc-12.2.0/libexec/gcc/x86_64-unknown-linux-gnu/12.2.0/lto-wrapper -plugin-opt=-fresolution=/tmp/nix-shell.DXiV5K/ccsld5wE.res -plugin-opt=-pass-through=-lgcc_s -plugin-opt=-pass-through=-lgcc -plugin-opt=-pass-through=-lc -plugin-opt=-pass-through=-lgcc_s -plugin-opt=-pass-through=-lgcc --eh-frame-hdr -m elf_x86_64 -dynamic-linker /nix/store/46m4xx889wlhsdj72j38fnlyyvvvvbyb-glibc-2.37-8/lib64/ld-linux-x86-64.so.2 -o cmTC_10b30 /nix/store/46m4xx889wlhsdj72j38fnlyyvvvvbyb-glibc-2.37-8/lib/crt1.o /nix/store/46m4xx889wlhsdj72j38fnlyyvvvvbyb-glibc-2.37-8/lib/crti.o /nix/store/b7hvml0m3qmqraz1022fwvyyg6fc1vdy-gcc-12.2.0/lib/gcc/x86_64-unknown-linux-gnu/12.2.0/crtbegin.o -L/nix/store/zrkjwsk3jw5bblcw8yz559qw5j7rbqdb-libopencm3-0.1.0/lib -L/nix/store/zrkjwsk3jw5bblcw8yz559qw5j7rbqdb-libopencm3-0.1.0/lib -L/nix/store/46m4xx889wlhsdj72j38fnlyyvvvvbyb-glibc-2.37-8/lib -L/nix/store/b7hvml0m3qmqraz1022fwvyyg6fc1vdy-gcc-12.2.0/lib/gcc/x86_64-unknown-linux-gnu/12.2.0 -L/nix/store/843dqq10jdkalr2yazaz6drx334visrb-gcc-12.2.0-lib/x86_64-unknown-linux-gnu/lib -L/nix/store/843dqq10jdkalr2yazaz6drx334visrb-gcc-12.2.0-lib/lib -L/nix/store/46m4xx889wlhsdj72j38fnlyyvvvvbyb-glibc-2.37-8/lib -L/nix/store/843dqq10jdkalr2yazaz6drx334visrb-gcc-12.2.0-lib/lib -L/nix/store/lcf37pgp3rgww67v9x2990hbfwx96c1w-gcc-wrapper-12.2.0/bin -L/nix/store/b7hvml0m3qmqraz1022fwvyyg6fc1vdy-gcc-12.2.0/lib/gcc/x86_64-unknown-linux-gnu/12.2.0 -L/nix/store/b7hvml0m3qmqraz1022fwvyyg6fc1vdy-gcc-12.2.0/lib/gcc/x86_64-unknown-linux-gnu/12.2.0/../../../../lib64 -L/nix/store/b7hvml0m3qmqraz1022fwvyyg6fc1vdy-gcc-12.2.0/lib/gcc/x86_64-unknown-linux-gnu/12.2.0/../../.. -dynamic-linker=/nix/store/46m4xx889wlhsdj72j38fnlyyvvvvbyb-glibc-2.37-8/lib/ld-linux-x86-64.so.2 CMakeFiles/cmTC_10b30.dir/CMakeCXXCompilerABI.cpp.o -rpath /home/ben/hytech/libopencm3_cmake/outputs/out/lib64 -rpath /home/ben/hytech/libopencm3_cmake/outputs/out/lib -lstdc++ -lm -lgcc_s -lgcc -lc -lgcc_s -lgcc /nix/store/b7hvml0m3qmqraz1022fwvyyg6fc1vdy-gcc-12.2.0/lib/gcc/x86_64-unknown-linux-gnu/12.2.0/crtend.o /nix/store/46m4xx889wlhsdj72j38fnlyyvvvvbyb-glibc-2.37-8/lib/crtn.o]
    arg [/nix/store/b7hvml0m3qmqraz1022fwvyyg6fc1vdy-gcc-12.2.0/libexec/gcc/x86_64-unknown-linux-gnu/12.2.0/collect2] ==> ignore
    arg [-plugin] ==> ignore
    arg [/nix/store/b7hvml0m3qmqraz1022fwvyyg6fc1vdy-gcc-12.2.0/libexec/gcc/x86_64-unknown-linux-gnu/12.2.0/liblto_plugin.so] ==> ignore
    arg [-plugin-opt=/nix/store/b7hvml0m3qmqraz1022fwvyyg6fc1vdy-gcc-12.2.0/libexec/gcc/x86_64-unknown-linux-gnu/12.2.0/lto-wrapper] ==> ignore
    arg [-plugin-opt=-fresolution=/tmp/nix-shell.DXiV5K/ccsld5wE.res] ==> ignore
    arg [-plugin-opt=-pass-through=-lgcc_s] ==> ignore
    arg [-plugin-opt=-pass-through=-lgcc] ==> ignore
    arg [-plugin-opt=-pass-through=-lc] ==> ignore
    arg [-plugin-opt=-pass-through=-lgcc_s] ==> ignore
    arg [-plugin-opt=-pass-through=-lgcc] ==> ignore
    arg [--eh-frame-hdr] ==> ignore
    arg [-m] ==> ignore
    arg [elf_x86_64] ==> ignore
    arg [-dynamic-linker] ==> ignore
    arg [/nix/store/46m4xx889wlhsdj72j38fnlyyvvvvbyb-glibc-2.37-8/lib64/ld-linux-x86-64.so.2] ==> ignore
    arg [-o] ==> ignore
    arg [cmTC_10b30] ==> ignore
    arg [/nix/store/46m4xx889wlhsdj72j38fnlyyvvvvbyb-glibc-2.37-8/lib/crt1.o] ==> obj [/nix/store/46m4xx889wlhsdj72j38fnlyyvvvvbyb-glibc-2.37-8/lib/crt1.o]
    arg [/nix/store/46m4xx889wlhsdj72j38fnlyyvvvvbyb-glibc-2.37-8/lib/crti.o] ==> obj [/nix/store/46m4xx889wlhsdj72j38fnlyyvvvvbyb-glibc-2.37-8/lib/crti.o]
    arg [/nix/store/b7hvml0m3qmqraz1022fwvyyg6fc1vdy-gcc-12.2.0/lib/gcc/x86_64-unknown-linux-gnu/12.2.0/crtbegin.o] ==> obj [/nix/store/b7hvml0m3qmqraz1022fwvyyg6fc1vdy-gcc-12.2.0/lib/gcc/x86_64-unknown-linux-gnu/12.2.0/crtbegin.o]
    arg [-L/nix/store/zrkjwsk3jw5bblcw8yz559qw5j7rbqdb-libopencm3-0.1.0/lib] ==> dir [/nix/store/zrkjwsk3jw5bblcw8yz559qw5j7rbqdb-libopencm3-0.1.0/lib]
    arg [-L/nix/store/zrkjwsk3jw5bblcw8yz559qw5j7rbqdb-libopencm3-0.1.0/lib] ==> dir [/nix/store/zrkjwsk3jw5bblcw8yz559qw5j7rbqdb-libopencm3-0.1.0/lib]
    arg [-L/nix/store/46m4xx889wlhsdj72j38fnlyyvvvvbyb-glibc-2.37-8/lib] ==> dir [/nix/store/46m4xx889wlhsdj72j38fnlyyvvvvbyb-glibc-2.37-8/lib]
    arg [-L/nix/store/b7hvml0m3qmqraz1022fwvyyg6fc1vdy-gcc-12.2.0/lib/gcc/x86_64-unknown-linux-gnu/12.2.0] ==> dir [/nix/store/b7hvml0m3qmqraz1022fwvyyg6fc1vdy-gcc-12.2.0/lib/gcc/x86_64-unknown-linux-gnu/12.2.0]
    arg [-L/nix/store/843dqq10jdkalr2yazaz6drx334visrb-gcc-12.2.0-lib/x86_64-unknown-linux-gnu/lib] ==> dir [/nix/store/843dqq10jdkalr2yazaz6drx334visrb-gcc-12.2.0-lib/x86_64-unknown-linux-gnu/lib]
    arg [-L/nix/store/843dqq10jdkalr2yazaz6drx334visrb-gcc-12.2.0-lib/lib] ==> dir [/nix/store/843dqq10jdkalr2yazaz6drx334visrb-gcc-12.2.0-lib/lib]
    arg [-L/nix/store/46m4xx889wlhsdj72j38fnlyyvvvvbyb-glibc-2.37-8/lib] ==> dir [/nix/store/46m4xx889wlhsdj72j38fnlyyvvvvbyb-glibc-2.37-8/lib]
    arg [-L/nix/store/843dqq10jdkalr2yazaz6drx334visrb-gcc-12.2.0-lib/lib] ==> dir [/nix/store/843dqq10jdkalr2yazaz6drx334visrb-gcc-12.2.0-lib/lib]
    arg [-L/nix/store/lcf37pgp3rgww67v9x2990hbfwx96c1w-gcc-wrapper-12.2.0/bin] ==> dir [/nix/store/lcf37pgp3rgww67v9x2990hbfwx96c1w-gcc-wrapper-12.2.0/bin]
    arg [-L/nix/store/b7hvml0m3qmqraz1022fwvyyg6fc1vdy-gcc-12.2.0/lib/gcc/x86_64-unknown-linux-gnu/12.2.0] ==> dir [/nix/store/b7hvml0m3qmqraz1022fwvyyg6fc1vdy-gcc-12.2.0/lib/gcc/x86_64-unknown-linux-gnu/12.2.0]
    arg [-L/nix/store/b7hvml0m3qmqraz1022fwvyyg6fc1vdy-gcc-12.2.0/lib/gcc/x86_64-unknown-linux-gnu/12.2.0/../../../../lib64] ==> dir [/nix/store/b7hvml0m3qmqraz1022fwvyyg6fc1vdy-gcc-12.2.0/lib/gcc/x86_64-unknown-linux-gnu/12.2.0/../../../../lib64]
    arg [-L/nix/store/b7hvml0m3qmqraz1022fwvyyg6fc1vdy-gcc-12.2.0/lib/gcc/x86_64-unknown-linux-gnu/12.2.0/../../..] ==> dir [/nix/store/b7hvml0m3qmqraz1022fwvyyg6fc1vdy-gcc-12.2.0/lib/gcc/x86_64-unknown-linux-gnu/12.2.0/../../..]
    arg [-dynamic-linker=/nix/store/46m4xx889wlhsdj72j38fnlyyvvvvbyb-glibc-2.37-8/lib/ld-linux-x86-64.so.2] ==> ignore
    arg [CMakeFiles/cmTC_10b30.dir/CMakeCXXCompilerABI.cpp.o] ==> ignore
    arg [-rpath] ==> ignore
    arg [/home/ben/hytech/libopencm3_cmake/outputs/out/lib64] ==> ignore
    arg [-rpath] ==> ignore
    arg [/home/ben/hytech/libopencm3_cmake/outputs/out/lib] ==> ignore
    arg [-lstdc++] ==> lib [stdc++]
    arg [-lm] ==> lib [m]
    arg [-lgcc_s] ==> lib [gcc_s]
    arg [-lgcc] ==> lib [gcc]
    arg [-lc] ==> lib [c]
    arg [-lgcc_s] ==> lib [gcc_s]
    arg [-lgcc] ==> lib [gcc]
    arg [/nix/store/b7hvml0m3qmqraz1022fwvyyg6fc1vdy-gcc-12.2.0/lib/gcc/x86_64-unknown-linux-gnu/12.2.0/crtend.o] ==> obj [/nix/store/b7hvml0m3qmqraz1022fwvyyg6fc1vdy-gcc-12.2.0/lib/gcc/x86_64-unknown-linux-gnu/12.2.0/crtend.o]
    arg [/nix/store/46m4xx889wlhsdj72j38fnlyyvvvvbyb-glibc-2.37-8/lib/crtn.o] ==> obj [/nix/store/46m4xx889wlhsdj72j38fnlyyvvvvbyb-glibc-2.37-8/lib/crtn.o]
  collapse library dir [/nix/store/zrkjwsk3jw5bblcw8yz559qw5j7rbqdb-libopencm3-0.1.0/lib] ==> [/nix/store/zrkjwsk3jw5bblcw8yz559qw5j7rbqdb-libopencm3-0.1.0/lib]
  collapse library dir [/nix/store/zrkjwsk3jw5bblcw8yz559qw5j7rbqdb-libopencm3-0.1.0/lib] ==> [/nix/store/zrkjwsk3jw5bblcw8yz559qw5j7rbqdb-libopencm3-0.1.0/lib]
  collapse library dir [/nix/store/46m4xx889wlhsdj72j38fnlyyvvvvbyb-glibc-2.37-8/lib] ==> [/nix/store/46m4xx889wlhsdj72j38fnlyyvvvvbyb-glibc-2.37-8/lib]
  collapse library dir [/nix/store/b7hvml0m3qmqraz1022fwvyyg6fc1vdy-gcc-12.2.0/lib/gcc/x86_64-unknown-linux-gnu/12.2.0] ==> [/nix/store/b7hvml0m3qmqraz1022fwvyyg6fc1vdy-gcc-12.2.0/lib/gcc/x86_64-unknown-linux-gnu/12.2.0]
  collapse library dir [/nix/store/843dqq10jdkalr2yazaz6drx334visrb-gcc-12.2.0-lib/x86_64-unknown-linux-gnu/lib] ==> [/nix/store/843dqq10jdkalr2yazaz6drx334visrb-gcc-12.2.0-lib/x86_64-unknown-linux-gnu/lib]
  collapse library dir [/nix/store/843dqq10jdkalr2yazaz6drx334visrb-gcc-12.2.0-lib/lib] ==> [/nix/store/843dqq10jdkalr2yazaz6drx334visrb-gcc-12.2.0-lib/lib]
  collapse library dir [/nix/store/46m4xx889wlhsdj72j38fnlyyvvvvbyb-glibc-2.37-8/lib] ==> [/nix/store/46m4xx889wlhsdj72j38fnlyyvvvvbyb-glibc-2.37-8/lib]
  collapse library dir [/nix/store/843dqq10jdkalr2yazaz6drx334visrb-gcc-12.2.0-lib/lib] ==> [/nix/store/843dqq10jdkalr2yazaz6drx334visrb-gcc-12.2.0-lib/lib]
  collapse library dir [/nix/store/lcf37pgp3rgww67v9x2990hbfwx96c1w-gcc-wrapper-12.2.0/bin] ==> [/nix/store/lcf37pgp3rgww67v9x2990hbfwx96c1w-gcc-wrapper-12.2.0/bin]
  collapse library dir [/nix/store/b7hvml0m3qmqraz1022fwvyyg6fc1vdy-gcc-12.2.0/lib/gcc/x86_64-unknown-linux-gnu/12.2.0] ==> [/nix/store/b7hvml0m3qmqraz1022fwvyyg6fc1vdy-gcc-12.2.0/lib/gcc/x86_64-unknown-linux-gnu/12.2.0]
  collapse library dir [/nix/store/b7hvml0m3qmqraz1022fwvyyg6fc1vdy-gcc-12.2.0/lib/gcc/x86_64-unknown-linux-gnu/12.2.0/../../../../lib64] ==> [/nix/store/b7hvml0m3qmqraz1022fwvyyg6fc1vdy-gcc-12.2.0/lib64]
  collapse library dir [/nix/store/b7hvml0m3qmqraz1022fwvyyg6fc1vdy-gcc-12.2.0/lib/gcc/x86_64-unknown-linux-gnu/12.2.0/../../..] ==> [/nix/store/b7hvml0m3qmqraz1022fwvyyg6fc1vdy-gcc-12.2.0/lib]
  implicit libs: [stdc++;m;gcc_s;gcc;c;gcc_s;gcc]
  implicit objs: [/nix/store/46m4xx889wlhsdj72j38fnlyyvvvvbyb-glibc-2.37-8/lib/crt1.o;/nix/store/46m4xx889wlhsdj72j38fnlyyvvvvbyb-glibc-2.37-8/lib/crti.o;/nix/store/b7hvml0m3qmqraz1022fwvyyg6fc1vdy-gcc-12.2.0/lib/gcc/x86_64-unknown-linux-gnu/12.2.0/crtbegin.o;/nix/store/b7hvml0m3qmqraz1022fwvyyg6fc1vdy-gcc-12.2.0/lib/gcc/x86_64-unknown-linux-gnu/12.2.0/crtend.o;/nix/store/46m4xx889wlhsdj72j38fnlyyvvvvbyb-glibc-2.37-8/lib/crtn.o]
  implicit dirs: [/nix/store/zrkjwsk3jw5bblcw8yz559qw5j7rbqdb-libopencm3-0.1.0/lib;/nix/store/46m4xx889wlhsdj72j38fnlyyvvvvbyb-glibc-2.37-8/lib;/nix/store/b7hvml0m3qmqraz1022fwvyyg6fc1vdy-gcc-12.2.0/lib/gcc/x86_64-unknown-linux-gnu/12.2.0;/nix/store/843dqq10jdkalr2yazaz6drx334visrb-gcc-12.2.0-lib/x86_64-unknown-linux-gnu/lib;/nix/store/843dqq10jdkalr2yazaz6drx334visrb-gcc-12.2.0-lib/lib;/nix/store/lcf37pgp3rgww67v9x2990hbfwx96c1w-gcc-wrapper-12.2.0/bin;/nix/store/b7hvml0m3qmqraz1022fwvyyg6fc1vdy-gcc-12.2.0/lib64;/nix/store/b7hvml0m3qmqraz1022fwvyyg6fc1vdy-gcc-12.2.0/lib]
  implicit fwks: []


